#
# There is insufficient memory for the Java Runtime Environment to continue.
# Native memory allocation (malloc) failed to allocate 32784 bytes for Chunk::new
# Possible reasons:
#   The system is out of physical RAM or swap space
#   In 32 bit mode, the process size limit was hit
# Possible solutions:
#   Reduce memory load on the system
#   Increase physical memory or swap space
#   Check if swap backing store is full
#   Use 64 bit Java on a 64 bit OS
#   Decrease Java heap size (-Xmx/-Xms)
#   Decrease number of Java threads
#   Decrease Java thread stack sizes (-Xss)
#   Set larger code cache with -XX:ReservedCodeCacheSize=
# This output file may be truncated or incomplete.
#
#  Out of Memory Error (allocation.cpp:390), pid=11516, tid=0x0000000000002de8
#
# JRE version: Java(TM) SE Runtime Environment (8.0_131-b11) (build 1.8.0_131-b11)
# Java VM: Java HotSpot(TM) 64-Bit Server VM (25.131-b11 mixed mode windows-amd64 compressed oops)
# Failed to write core dump. Minidumps are not enabled by default on client versions of Windows
#

---------------  T H R E A D  ---------------

Current thread (0x0000000015cbf000):  JavaThread "C2 CompilerThread0" daemon [_thread_in_native, id=11752, stack(0x0000000016c50000,0x0000000016d50000)]

Stack: [0x0000000016c50000,0x0000000016d50000]
[error occurred during error reporting (printing stack bounds), id 0xc0000005]

Native frames: (J=compiled Java code, j=interpreted, Vv=VM code, C=native code)


Current CompileTask:
C2: 519190 3604   !   4       java.util.jar.Attributes::read (380 bytes)


---------------  P R O C E S S  ---------------

Java Threads: ( => current thread )
  0x0000000017883800 JavaThread "Forwarding quit on session null to remote" [_thread_in_native, id=27148, stack(0x0000000024d60000,0x0000000024e60000)]
  0x0000000018d17000 JavaThread "Exec Stream Pumper" daemon [_thread_in_native, id=21328, stack(0x0000000025230000,0x0000000025330000)]
  0x0000000018d16000 JavaThread "Exec Stream Pumper" daemon [_thread_in_native, id=25764, stack(0x0000000024f20000,0x0000000025020000)]
  0x0000000018d15800 JavaThread "Exec Default Executor" daemon [_thread_in_native, id=24092, stack(0x0000000025090000,0x0000000025190000)]
  0x0000000018d14800 JavaThread "Exec Stream Pumper" daemon [_thread_in_native, id=26020, stack(0x0000000024c00000,0x0000000024d00000)]
  0x0000000018d14000 JavaThread "Exec Stream Pumper" daemon [_thread_in_native, id=26016, stack(0x0000000024a60000,0x0000000024b60000)]
  0x0000000018d13000 JavaThread "Exec Default Executor" daemon [_thread_in_native, id=26004, stack(0x0000000024600000,0x0000000024700000)]
  0x0000000018d12800 JavaThread "Exec Stream Pumper" daemon [_thread_in_native, id=25280, stack(0x0000000024860000,0x0000000024960000)]
  0x0000000018d11800 JavaThread "Exec Stream Pumper" daemon [_thread_in_native, id=25264, stack(0x0000000023bc0000,0x0000000023cc0000)]
  0x0000000018d11000 JavaThread "Exec Default Executor" daemon [_thread_in_native, id=25204, stack(0x0000000024700000,0x0000000024800000)]
  0x0000000018d10000 JavaThread "Exec Stream Pumper" daemon [_thread_in_native, id=25504, stack(0x0000000024070000,0x0000000024170000)]
  0x0000000018ac8000 JavaThread "Exec Stream Pumper" daemon [_thread_in_native, id=25500, stack(0x0000000024460000,0x0000000024560000)]
  0x0000000018ac7000 JavaThread "Exec Default Executor" daemon [_thread_in_native, id=25488, stack(0x00000000242a0000,0x00000000243a0000)]
  0x0000000018ac6800 JavaThread "Exec Stream Pumper" daemon [_thread_in_native, id=18696, stack(0x0000000023de0000,0x0000000023ee0000)]
  0x0000000018ac5800 JavaThread "Exec Stream Pumper" daemon [_thread_in_native, id=24152, stack(0x0000000024190000,0x0000000024290000)]
  0x0000000018ac5000 JavaThread "Exec Default Executor" daemon [_thread_in_native, id=22524, stack(0x0000000023f20000,0x0000000024020000)]
  0x0000000018ac4000 JavaThread "Exec Stream Pumper" daemon [_thread_in_native, id=23452, stack(0x0000000023930000,0x0000000023a30000)]
  0x0000000018ac3800 JavaThread "Exec Stream Pumper" daemon [_thread_in_native, id=21044, stack(0x0000000023710000,0x0000000023810000)]
  0x0000000018ac2800 JavaThread "Exec Default Executor" daemon [_thread_in_native, id=23336, stack(0x0000000023ce0000,0x0000000023de0000)]
  0x0000000018ac2000 JavaThread "Exec Stream Pumper" daemon [_thread_in_native, id=20292, stack(0x0000000020e80000,0x0000000020f80000)]
  0x0000000018ac1000 JavaThread "Exec Stream Pumper" daemon [_thread_in_native, id=10308, stack(0x0000000023a90000,0x0000000023b90000)]
  0x000000001920e000 JavaThread "Exec Default Executor" daemon [_thread_in_native, id=23392, stack(0x0000000022a70000,0x0000000022b70000)]
  0x000000001920d800 JavaThread "Exec Stream Pumper" daemon [_thread_in_native, id=21048, stack(0x0000000023810000,0x0000000023910000)]
  0x000000001920c800 JavaThread "Exec Stream Pumper" daemon [_thread_in_native, id=24196, stack(0x00000000235b0000,0x00000000236b0000)]
  0x000000001920c000 JavaThread "Exec Default Executor" daemon [_thread_in_native, id=19008, stack(0x00000000234b0000,0x00000000235b0000)]
  0x000000001920b000 JavaThread "Exec Stream Pumper" daemon [_thread_in_native, id=21352, stack(0x0000000022eb0000,0x0000000022fb0000)]
  0x000000001920a800 JavaThread "Exec Stream Pumper" daemon [_thread_in_native, id=22768, stack(0x0000000023330000,0x0000000023430000)]
  0x0000000019209800 JavaThread "Exec Default Executor" daemon [_thread_in_native, id=13224, stack(0x0000000023160000,0x0000000023260000)]
  0x0000000019209000 JavaThread "Exec Stream Pumper" daemon [_thread_in_native, id=23880, stack(0x00000000222d0000,0x00000000223d0000)]
  0x0000000019208000 JavaThread "Exec Stream Pumper" daemon [_thread_in_native, id=23148, stack(0x0000000022fc0000,0x00000000230c0000)]
  0x0000000019207800 JavaThread "Exec Default Executor" daemon [_thread_in_native, id=14532, stack(0x0000000021f80000,0x0000000022080000)]
  0x0000000018796000 JavaThread "Exec Stream Pumper" daemon [_thread_in_native, id=22380, stack(0x00000000227a0000,0x00000000228a0000)]
  0x0000000018795800 JavaThread "Exec Stream Pumper" daemon [_thread_in_native, id=18756, stack(0x0000000022d70000,0x0000000022e70000)]
  0x0000000018794800 JavaThread "Exec Default Executor" daemon [_thread_in_native, id=21764, stack(0x0000000022ba0000,0x0000000022ca0000)]
  0x0000000018794000 JavaThread "Exec Stream Pumper" daemon [_thread_in_native, id=18412, stack(0x00000000228c0000,0x00000000229c0000)]
  0x0000000018793000 JavaThread "Exec Stream Pumper" daemon [_thread_in_native, id=9040, stack(0x0000000022690000,0x0000000022790000)]
  0x0000000018792800 JavaThread "Exec Default Executor" daemon [_thread_in_native, id=23812, stack(0x0000000022550000,0x0000000022650000)]
  0x0000000018791800 JavaThread "Exec Stream Pumper" daemon [_thread_in_native, id=14048, stack(0x00000000223d0000,0x00000000224d0000)]
  0x0000000018791000 JavaThread "Exec Stream Pumper" daemon [_thread_in_native, id=20588, stack(0x00000000218d0000,0x00000000219d0000)]
  0x0000000018790000 JavaThread "Exec Default Executor" daemon [_thread_in_native, id=16184, stack(0x00000000221a0000,0x00000000222a0000)]
  0x000000001878f800 JavaThread "Exec Stream Pumper" daemon [_thread_in_native, id=23380, stack(0x00000000220a0000,0x00000000221a0000)]
  0x0000000015d0e000 JavaThread "Exec Stream Pumper" daemon [_thread_in_native, id=23376, stack(0x0000000021b50000,0x0000000021c50000)]
  0x0000000015d0d800 JavaThread "Exec Default Executor" daemon [_thread_in_native, id=23364, stack(0x0000000021e70000,0x0000000021f70000)]
  0x0000000015d0c800 JavaThread "Exec Stream Pumper" daemon [_thread_in_native, id=22276, stack(0x0000000021cb0000,0x0000000021db0000)]
  0x0000000015d0c000 JavaThread "Exec Stream Pumper" daemon [_thread_in_native, id=22388, stack(0x0000000021a40000,0x0000000021b40000)]
  0x0000000015d0b000 JavaThread "Exec Default Executor" daemon [_thread_in_native, id=22348, stack(0x00000000214d0000,0x00000000215d0000)]
  0x0000000015d0a800 JavaThread "Exec Stream Pumper" daemon [_thread_in_native, id=16176, stack(0x00000000216e0000,0x00000000217e0000)]
  0x0000000015d09800 JavaThread "Exec Stream Pumper" daemon [_thread_in_native, id=16172, stack(0x000000001fc50000,0x000000001fd50000)]
  0x0000000015d09000 JavaThread "Exec Default Executor" daemon [_thread_in_native, id=14656, stack(0x00000000215e0000,0x00000000216e0000)]
  0x0000000015d08000 JavaThread "Exec Stream Pumper" daemon [_thread_in_native, id=21860, stack(0x00000000211b0000,0x00000000212b0000)]
  0x0000000015d07800 JavaThread "Exec Stream Pumper" daemon [_thread_in_native, id=21868, stack(0x00000000213c0000,0x00000000214c0000)]
  0x0000000018823800 JavaThread "Exec Default Executor" daemon [_thread_in_native, id=21856, stack(0x00000000212b0000,0x00000000213b0000)]
  0x0000000018822800 JavaThread "Exec Stream Pumper" daemon [_thread_in_native, id=19988, stack(0x0000000020d60000,0x0000000020e60000)]
  0x0000000018822000 JavaThread "Exec Stream Pumper" daemon [_thread_in_native, id=19984, stack(0x00000000210b0000,0x00000000211b0000)]
  0x0000000018821000 JavaThread "Exec Default Executor" daemon [_thread_in_native, id=19972, stack(0x0000000020f90000,0x0000000021090000)]
  0x0000000018820800 JavaThread "Exec Stream Pumper" daemon [_thread_in_native, id=18956, stack(0x0000000020c50000,0x0000000020d50000)]
  0x000000001881f800 JavaThread "Exec Stream Pumper" daemon [_thread_in_native, id=18988, stack(0x00000000201a0000,0x00000000202a0000)]
  0x000000001881f000 JavaThread "Exec Default Executor" daemon [_thread_in_native, id=2268, stack(0x0000000020ae0000,0x0000000020be0000)]
  0x000000001881e000 JavaThread "Exec Stream Pumper" daemon [_thread_in_native, id=19196, stack(0x00000000209a0000,0x0000000020aa0000)]
  0x000000001881d800 JavaThread "Exec Stream Pumper" daemon [_thread_in_native, id=19192, stack(0x00000000207f0000,0x00000000208f0000)]
  0x000000001881c800 JavaThread "Exec Default Executor" daemon [_thread_in_native, id=19180, stack(0x0000000020600000,0x0000000020700000)]
  0x000000001714c000 JavaThread "Exec Stream Pumper" daemon [_thread_in_native, id=18292, stack(0x0000000020450000,0x0000000020550000)]
  0x000000001714b000 JavaThread "Exec Stream Pumper" daemon [_thread_in_native, id=13152, stack(0x000000001ef80000,0x000000001f080000)]
  0x000000001714a800 JavaThread "Exec Default Executor" daemon [_thread_in_native, id=15672, stack(0x0000000020330000,0x0000000020430000)]
  0x0000000017149800 JavaThread "Exec Stream Pumper" daemon [_thread_in_native, id=17596, stack(0x00000000200a0000,0x00000000201a0000)]
  0x0000000017148800 JavaThread "Exec Stream Pumper" daemon [_thread_in_native, id=18184, stack(0x000000001fef0000,0x000000001fff0000)]
  0x0000000017148000 JavaThread "Exec Default Executor" daemon [_thread_in_native, id=1688, stack(0x000000001fd60000,0x000000001fe60000)]
  0x0000000017147000 JavaThread "Exec Stream Pumper" daemon [_thread_in_native, id=17924, stack(0x000000001f8f0000,0x000000001f9f0000)]
  0x0000000017146800 JavaThread "Exec Stream Pumper" daemon [_thread_in_native, id=17920, stack(0x000000001e970000,0x000000001ea70000)]
  0x0000000017145800 JavaThread "Exec Default Executor" daemon [_thread_in_native, id=17908, stack(0x000000001f600000,0x000000001f700000)]
  0x0000000017145000 JavaThread "Exec Stream Pumper" daemon [_thread_in_native, id=5108, stack(0x000000001fb10000,0x000000001fc10000)]
  0x0000000018dc6800 JavaThread "Exec Stream Pumper" daemon [_thread_in_native, id=9004, stack(0x000000001f9f0000,0x000000001faf0000)]
  0x0000000018dc6000 JavaThread "Exec Default Executor" daemon [_thread_in_native, id=14508, stack(0x000000001f760000,0x000000001f860000)]
  0x0000000018dc5000 JavaThread "Exec Stream Pumper" daemon [_thread_in_native, id=17320, stack(0x000000001e740000,0x000000001e840000)]
  0x0000000018dc4800 JavaThread "Exec Stream Pumper" daemon [_thread_in_native, id=17316, stack(0x000000001f4e0000,0x000000001f5e0000)]
  0x0000000018dc3800 JavaThread "Exec Default Executor" daemon [_thread_in_native, id=17304, stack(0x000000001f3a0000,0x000000001f4a0000)]
  0x0000000018dc3000 JavaThread "Exec Stream Pumper" daemon [_thread_in_native, id=16484, stack(0x000000001f1d0000,0x000000001f2d0000)]
  0x0000000018dc2000 JavaThread "Exec Stream Pumper" daemon [_thread_in_native, id=16480, stack(0x000000001f0b0000,0x000000001f1b0000)]
  0x0000000018dc1000 JavaThread "Exec Default Executor" daemon [_thread_in_native, id=16468, stack(0x000000001e610000,0x000000001e710000)]
  0x0000000018dc0800 JavaThread "Exec Stream Pumper" daemon [_thread_in_native, id=16036, stack(0x000000001ee80000,0x000000001ef80000)]
  0x0000000018dbf800 JavaThread "Exec Stream Pumper" daemon [_thread_in_native, id=12820, stack(0x000000001ed60000,0x000000001ee60000)]
  0x0000000017d8f800 JavaThread "Exec Default Executor" daemon [_thread_in_native, id=15784, stack(0x000000001ec30000,0x000000001ed30000)]
  0x0000000017d8e800 JavaThread "Exec Stream Pumper" daemon [_thread_in_native, id=16004, stack(0x000000001e1d0000,0x000000001e2d0000)]
  0x0000000017d8e000 JavaThread "Exec Stream Pumper" daemon [_thread_in_native, id=16000, stack(0x000000001ea70000,0x000000001eb70000)]
  0x0000000017d8d000 JavaThread "Exec Default Executor" daemon [_thread_in_native, id=15984, stack(0x000000001e860000,0x000000001e960000)]
  0x0000000017d8c800 JavaThread "Exec Stream Pumper" daemon [_thread_in_native, id=14892, stack(0x000000001c4c0000,0x000000001c5c0000)]
  0x0000000017d8b800 JavaThread "Exec Stream Pumper" daemon [_thread_in_native, id=14584, stack(0x000000001e500000,0x000000001e600000)]
  0x0000000017d8b000 JavaThread "Exec Default Executor" daemon [_thread_in_native, id=14620, stack(0x000000001da50000,0x000000001db50000)]
  0x0000000017d8a000 JavaThread "Exec Stream Pumper" daemon [_thread_in_native, id=15108, stack(0x000000001e330000,0x000000001e430000)]
  0x0000000017d89800 JavaThread "Exec Stream Pumper" daemon [_thread_in_native, id=15104, stack(0x000000001df60000,0x000000001e060000)]
  0x0000000017d88800 JavaThread "Exec Default Executor" daemon [_thread_in_native, id=15092, stack(0x000000001e090000,0x000000001e190000)]
  0x00000000188c9000 JavaThread "Exec Stream Pumper" daemon [_thread_in_native, id=7092, stack(0x000000001de00000,0x000000001df00000)]
  0x00000000188c8800 JavaThread "Exec Stream Pumper" daemon [_thread_in_native, id=14264, stack(0x000000001dc30000,0x000000001dd30000)]
  0x00000000188c7800 JavaThread "Exec Default Executor" daemon [_thread_in_native, id=14252, stack(0x000000001d630000,0x000000001d730000)]
  0x00000000188c7000 JavaThread "Exec Stream Pumper" daemon [_thread_in_native, id=13384, stack(0x000000001d950000,0x000000001da50000)]
  0x00000000188c6000 JavaThread "Exec Stream Pumper" daemon [_thread_in_native, id=13432, stack(0x000000001d730000,0x000000001d830000)]
  0x00000000188c5800 JavaThread "Exec Default Executor" daemon [_thread_in_native, id=13416, stack(0x000000001d3e0000,0x000000001d4e0000)]
  0x00000000188c4800 JavaThread "Exec Stream Pumper" daemon [_thread_in_native, id=13668, stack(0x000000001cc30000,0x000000001cd30000)]
  0x00000000188c4000 JavaThread "Exec Stream Pumper" daemon [_thread_in_native, id=13664, stack(0x000000001d500000,0x000000001d600000)]
  0x00000000188c3000 JavaThread "Exec Default Executor" daemon [_thread_in_native, id=13644, stack(0x000000001c770000,0x000000001c870000)]
  0x00000000188c2800 JavaThread "Exec Stream Pumper" daemon [_thread_in_native, id=10992, stack(0x000000001d250000,0x000000001d350000)]
  0x000000001775d000 JavaThread "Exec Stream Pumper" daemon [_thread_in_native, id=6764, stack(0x000000001d090000,0x000000001d190000)]
  0x000000001775c000 JavaThread "Exec Default Executor" daemon [_thread_in_native, id=12324, stack(0x000000001ced0000,0x000000001cfd0000)]
  0x000000001775b800 JavaThread "Exec Stream Pumper" daemon [_thread_in_native, id=12784, stack(0x000000001cd50000,0x000000001ce50000)]
  0x000000001775a800 JavaThread "Exec Stream Pumper" daemon [_thread_in_native, id=12780, stack(0x000000001c9b0000,0x000000001cab0000)]
  0x000000001775a000 JavaThread "Exec Default Executor" daemon [_thread_in_native, id=12764, stack(0x000000001cae0000,0x000000001cbe0000)]
  0x0000000017759000 JavaThread "Exec Stream Pumper" daemon [_thread_in_native, id=6088, stack(0x000000001c170000,0x000000001c270000)]
  0x0000000017758800 JavaThread "Exec Stream Pumper" daemon [_thread_in_native, id=12156, stack(0x000000001c890000,0x000000001c990000)]
  0x0000000017757800 JavaThread "Exec Default Executor" daemon [_thread_in_native, id=8668, stack(0x0000000017e60000,0x0000000017f60000)]
  0x0000000017757000 JavaThread "Exec Stream Pumper" daemon [_thread_in_native, id=8664, stack(0x000000001c5c0000,0x000000001c6c0000)]
  0x0000000017756000 JavaThread "Exec Stream Pumper" daemon [_thread_in_native, id=8472, stack(0x000000001b860000,0x000000001b960000)]
  0x0000000017889000 JavaThread "Exec Default Executor" daemon [_thread_in_native, id=5896, stack(0x000000001bae0000,0x000000001bbe0000)]
  0x0000000017888800 JavaThread "Exec Stream Pumper" daemon [_thread_in_native, id=5868, stack(0x000000001bff0000,0x000000001c0f0000)]
  0x0000000017887800 JavaThread "Exec Stream Pumper" daemon [_thread_in_native, id=7312, stack(0x000000001bd40000,0x000000001be40000)]
  0x0000000017887000 JavaThread "Exec Default Executor" daemon [_thread_in_native, id=9552, stack(0x000000001be40000,0x000000001bf40000)]
  0x0000000017886000 JavaThread "Exec Stream Pumper" daemon [_thread_in_native, id=7920, stack(0x000000001bbe0000,0x000000001bce0000)]
  0x0000000017885000 JavaThread "Exec Stream Pumper" daemon [_thread_in_native, id=9108, stack(0x000000001b3e0000,0x000000001b4e0000)]
  0x0000000017884800 JavaThread "Exec Default Executor" daemon [_thread_in_native, id=5904, stack(0x000000001b2d0000,0x000000001b3d0000)]
  0x0000000017883000 JavaThread "Exec Stream Pumper" daemon [_thread_in_native, id=10380, stack(0x000000001b9c0000,0x000000001bac0000)]
  0x0000000017882000 JavaThread "Exec Stream Pumper" daemon [_thread_in_native, id=5544, stack(0x000000001b740000,0x000000001b840000)]
  0x0000000017a12000 JavaThread "Exec Default Executor" daemon [_thread_in_native, id=9156, stack(0x000000001b550000,0x000000001b650000)]
  0x000000001783c800 JavaThread "Exec Stream Pumper" daemon [_thread_in_native, id=9924, stack(0x000000001abb0000,0x000000001acb0000)]
  0x0000000017222000 JavaThread "Exec Stream Pumper" daemon [_thread_in_native, id=10856, stack(0x000000001b1b0000,0x000000001b2b0000)]
  0x0000000017d17800 JavaThread "Exec Default Executor" daemon [_thread_in_native, id=2752, stack(0x000000001b0b0000,0x000000001b1b0000)]
  0x0000000017a96000 JavaThread "Exec Stream Pumper" daemon [_thread_in_native, id=7592, stack(0x0000000019b10000,0x0000000019c10000)]
  0x0000000017221000 JavaThread "Exec Stream Pumper" daemon [_thread_in_native, id=7748, stack(0x000000001aaa0000,0x000000001aba0000)]
  0x0000000017a94000 JavaThread "UrlChecker-2" daemon [_thread_blocked, id=7032, stack(0x000000001a910000,0x000000001aa10000)]
  0x0000000017a8d800 JavaThread "Exec Default Executor" daemon [_thread_in_native, id=2604, stack(0x000000001a770000,0x000000001a870000)]
  0x00000000176e5800 JavaThread "ReaderThread" [_thread_in_native, id=10192, stack(0x0000000018370000,0x0000000018470000)]
  0x0000000015d1c000 JavaThread "Service Thread" daemon [_thread_blocked, id=8456, stack(0x0000000017540000,0x0000000017640000)]
  0x0000000015cde000 JavaThread "C1 CompilerThread1" daemon [_thread_blocked, id=10092, stack(0x0000000016e60000,0x0000000016f60000)]
=>0x0000000015cbf000 JavaThread "C2 CompilerThread0" daemon [_thread_in_native, id=11752, stack(0x0000000016c50000,0x0000000016d50000)]
  0x0000000015cbb800 JavaThread "Attach Listener" daemon [_thread_blocked, id=11356, stack(0x0000000016d60000,0x0000000016e60000)]
  0x0000000015cba000 JavaThread "Signal Dispatcher" daemon [_thread_blocked, id=8804, stack(0x0000000016af0000,0x0000000016bf0000)]
  0x0000000015ca4000 JavaThread "Finalizer" daemon [_thread_blocked, id=7716, stack(0x00000000169a0000,0x0000000016aa0000)]
  0x0000000015c5b000 JavaThread "Reference Handler" daemon [_thread_blocked, id=6248, stack(0x00000000167f0000,0x00000000168f0000)]
  0x000000000215f800 JavaThread "main" [_thread_blocked, id=11000, stack(0x00000000021b0000,0x00000000022b0000)]

Other Threads:
  0x0000000015c53000 VMThread [stack: 0x00000000166d0000,0x00000000167d0000] [id=6716]
  0x0000000016f79800 WatcherThread [stack: 0x0000000017420000,0x0000000017520000] [id=11464]

VM state:not at safepoint (normal execution)

VM Mutex/Monitor currently owned by a thread: None

Heap:
 PSYoungGen      total 179712K, used 137230K [0x00000000e0000000, 0x00000000ed200000, 0x0000000100000000)
  eden space 168960K, 74% used [0x00000000e0000000,0x00000000e7b84f60,0x00000000ea500000)
  from space 10752K, 99% used [0x00000000ec780000,0x00000000ed1fea60,0x00000000ed200000)
  to   space 13312K, 0% used [0x00000000eb800000,0x00000000eb800000,0x00000000ec500000)
 ParOldGen       total 48128K, used 17365K [0x00000000a0000000, 0x00000000a2f00000, 0x00000000e0000000)
  object space 48128K, 36% used [0x00000000a0000000,0x00000000a10f5578,0x00000000a2f00000)
 Metaspace       used 28925K, capacity 29232K, committed 29568K, reserved 1075200K
  class space    used 3279K, capacity 3368K, committed 3456K, reserved 1048576K

Card table byte_map: [0x0000000011790000,0x0000000011aa0000] byte_map_base: 0x0000000011290000

Marking Bits: (ParMarkBitMap*) 0x00000000650ac720
 Begin Bits: [0x0000000012020000, 0x0000000013820000)
 End Bits:   [0x0000000013820000, 0x0000000015020000)

Polling page: 0x0000000001ec0000

CodeCache: size=245760Kb used=10387Kb max_used=10399Kb free=235372Kb
 bounds [0x00000000023d0000, 0x0000000002e10000, 0x00000000113d0000]
 total_blobs=3613 nmethods=3131 adapters=394
 compilation: enabled

Compilation events (10 events):
Event: 518.021 Thread 0x0000000015cde000 nmethod 3599 0x0000000002e03610 code [0x0000000002e037c0, 0x0000000002e03de8]
Event: 518.022 Thread 0x0000000015cde000 3600       3       java.io.FileInputStream::read (9 bytes)
Event: 518.022 Thread 0x0000000015cde000 nmethod 3600 0x0000000002dfd390 code [0x0000000002dfd500, 0x0000000002dfd688]
Event: 518.307 Thread 0x0000000015cde000 3601       3       com.google.common.base.Joiner$MapJoiner::appendTo (12 bytes)
Event: 518.310 Thread 0x0000000015cde000 nmethod 3601 0x0000000002e04010 code [0x0000000002e041a0, 0x0000000002e04648]
Event: 518.362 Thread 0x0000000015cde000 3602   !   3       com.google.common.base.Joiner$MapJoiner::appendTo (22 bytes)
Event: 518.362 Thread 0x0000000015cde000 nmethod 3602 0x0000000002e04810 code [0x0000000002e04980, 0x0000000002e04c78]
Event: 519.119 Thread 0x0000000015cbf000 3603       4       java.lang.String::<init> (100 bytes)
Event: 519.138 Thread 0x0000000015cbf000 nmethod 3603 0x0000000002e07cd0 code [0x0000000002e07e20, 0x0000000002e08158]
Event: 519.145 Thread 0x0000000015cbf000 3604   !   4       java.util.jar.Attributes::read (380 bytes)

GC Heap History (10 events):
Event: 8.084 GC heap before
{Heap before GC invocations=5 (full 0):
 PSYoungGen      total 53248K, used 53216K [0x00000000e0000000, 0x00000000e3800000, 0x0000000100000000)
  eden space 49152K, 100% used [0x00000000e0000000,0x00000000e3000000,0x00000000e3000000)
  from space 4096K, 99% used [0x00000000e3400000,0x00000000e37f8020,0x00000000e3800000)
  to   space 4096K, 0% used [0x00000000e3000000,0x00000000e3000000,0x00000000e3400000)
 ParOldGen       total 65536K, used 3003K [0x00000000a0000000, 0x00000000a4000000, 0x00000000e0000000)
  object space 65536K, 4% used [0x00000000a0000000,0x00000000a02eede0,0x00000000a4000000)
 Metaspace       used 16609K, capacity 16766K, committed 17152K, reserved 1064960K
  class space    used 1860K, capacity 1922K, committed 2048K, reserved 1048576K
Event: 8.108 GC heap after
Heap after GC invocations=5 (full 0):
 PSYoungGen      total 53248K, used 4096K [0x00000000e0000000, 0x00000000e7100000, 0x0000000100000000)
  eden space 49152K, 0% used [0x00000000e0000000,0x00000000e0000000,0x00000000e3000000)
  from space 4096K, 100% used [0x00000000e3000000,0x00000000e3400000,0x00000000e3400000)
  to   space 8704K, 0% used [0x00000000e6880000,0x00000000e6880000,0x00000000e7100000)
 ParOldGen       total 65536K, used 7536K [0x00000000a0000000, 0x00000000a4000000, 0x00000000e0000000)
  object space 65536K, 11% used [0x00000000a0000000,0x00000000a075c268,0x00000000a4000000)
 Metaspace       used 16609K, capacity 16766K, committed 17152K, reserved 1064960K
  class space    used 1860K, capacity 1922K, committed 2048K, reserved 1048576K
}
Event: 9.804 GC heap before
{Heap before GC invocations=6 (full 0):
 PSYoungGen      total 53248K, used 53248K [0x00000000e0000000, 0x00000000e7100000, 0x0000000100000000)
  eden space 49152K, 100% used [0x00000000e0000000,0x00000000e3000000,0x00000000e3000000)
  from space 4096K, 100% used [0x00000000e3000000,0x00000000e3400000,0x00000000e3400000)
  to   space 8704K, 0% used [0x00000000e6880000,0x00000000e6880000,0x00000000e7100000)
 ParOldGen       total 65536K, used 7536K [0x00000000a0000000, 0x00000000a4000000, 0x00000000e0000000)
  object space 65536K, 11% used [0x00000000a0000000,0x00000000a075c268,0x00000000a4000000)
 Metaspace       used 19627K, capacity 19774K, committed 19968K, reserved 1067008K
  class space    used 2185K, capacity 2242K, committed 2304K, reserved 1048576K
Event: 9.825 GC heap after
Heap after GC invocations=6 (full 0):
 PSYoungGen      total 105472K, used 8678K [0x00000000e0000000, 0x00000000e7400000, 0x0000000100000000)
  eden space 96768K, 0% used [0x00000000e0000000,0x00000000e0000000,0x00000000e5e80000)
  from space 8704K, 99% used [0x00000000e6880000,0x00000000e70f9810,0x00000000e7100000)
  to   space 10240K, 0% used [0x00000000e5e80000,0x00000000e5e80000,0x00000000e6880000)
 ParOldGen       total 65536K, used 8198K [0x00000000a0000000, 0x00000000a4000000, 0x00000000e0000000)
  object space 65536K, 12% used [0x00000000a0000000,0x00000000a0801880,0x00000000a4000000)
 Metaspace       used 19627K, capacity 19774K, committed 19968K, reserved 1067008K
  class space    used 2185K, capacity 2242K, committed 2304K, reserved 1048576K
}
Event: 10.058 GC heap before
{Heap before GC invocations=7 (full 0):
 PSYoungGen      total 105472K, used 12186K [0x00000000e0000000, 0x00000000e7400000, 0x0000000100000000)
  eden space 96768K, 3% used [0x00000000e0000000,0x00000000e036d338,0x00000000e5e80000)
  from space 8704K, 99% used [0x00000000e6880000,0x00000000e70f9810,0x00000000e7100000)
  to   space 10240K, 0% used [0x00000000e5e80000,0x00000000e5e80000,0x00000000e6880000)
 ParOldGen       total 65536K, used 8198K [0x00000000a0000000, 0x00000000a4000000, 0x00000000e0000000)
  object space 65536K, 12% used [0x00000000a0000000,0x00000000a0801880,0x00000000a4000000)
 Metaspace       used 20991K, capacity 21118K, committed 21296K, reserved 1069056K
  class space    used 2319K, capacity 2370K, committed 2432K, reserved 1048576K
Event: 10.073 GC heap after
Heap after GC invocations=7 (full 0):
 PSYoungGen      total 107008K, used 8004K [0x00000000e0000000, 0x00000000ed200000, 0x0000000100000000)
  eden space 96768K, 0% used [0x00000000e0000000,0x00000000e0000000,0x00000000e5e80000)
  from space 10240K, 78% used [0x00000000e5e80000,0x00000000e6651310,0x00000000e6880000)
  to   space 10752K, 0% used [0x00000000ec780000,0x00000000ec780000,0x00000000ed200000)
 ParOldGen       total 65536K, used 9101K [0x00000000a0000000, 0x00000000a4000000, 0x00000000e0000000)
  object space 65536K, 13% used [0x00000000a0000000,0x00000000a08e36e8,0x00000000a4000000)
 Metaspace       used 20991K, capacity 21118K, committed 21296K, reserved 1069056K
  class space    used 2319K, capacity 2370K, committed 2432K, reserved 1048576K
}
Event: 10.073 GC heap before
{Heap before GC invocations=8 (full 1):
 PSYoungGen      total 107008K, used 8004K [0x00000000e0000000, 0x00000000ed200000, 0x0000000100000000)
  eden space 96768K, 0% used [0x00000000e0000000,0x00000000e0000000,0x00000000e5e80000)
  from space 10240K, 78% used [0x00000000e5e80000,0x00000000e6651310,0x00000000e6880000)
  to   space 10752K, 0% used [0x00000000ec780000,0x00000000ec780000,0x00000000ed200000)
 ParOldGen       total 65536K, used 9101K [0x00000000a0000000, 0x00000000a4000000, 0x00000000e0000000)
  object space 65536K, 13% used [0x00000000a0000000,0x00000000a08e36e8,0x00000000a4000000)
 Metaspace       used 20991K, capacity 21118K, committed 21296K, reserved 1069056K
  class space    used 2319K, capacity 2370K, committed 2432K, reserved 1048576K
Event: 10.174 GC heap after
Heap after GC invocations=8 (full 1):
 PSYoungGen      total 107008K, used 0K [0x00000000e0000000, 0x00000000ed200000, 0x0000000100000000)
  eden space 96768K, 0% used [0x00000000e0000000,0x00000000e0000000,0x00000000e5e80000)
  from space 10240K, 0% used [0x00000000e5e80000,0x00000000e5e80000,0x00000000e6880000)
  to   space 10752K, 0% used [0x00000000ec780000,0x00000000ec780000,0x00000000ed200000)
 ParOldGen       total 48128K, used 14278K [0x00000000a0000000, 0x00000000a2f00000, 0x00000000e0000000)
  object space 48128K, 29% used [0x00000000a0000000,0x00000000a0df1888,0x00000000a2f00000)
 Metaspace       used 20991K, capacity 21118K, committed 21296K, reserved 1069056K
  class space    used 2319K, capacity 2370K, committed 2432K, reserved 1048576K
}
Event: 46.717 GC heap before
{Heap before GC invocations=9 (full 1):
 PSYoungGen      total 107008K, used 96768K [0x00000000e0000000, 0x00000000ed200000, 0x0000000100000000)
  eden space 96768K, 100% used [0x00000000e0000000,0x00000000e5e80000,0x00000000e5e80000)
  from space 10240K, 0% used [0x00000000e5e80000,0x00000000e5e80000,0x00000000e6880000)
  to   space 10752K, 0% used [0x00000000ec780000,0x00000000ec780000,0x00000000ed200000)
 ParOldGen       total 48128K, used 14278K [0x00000000a0000000, 0x00000000a2f00000, 0x00000000e0000000)
  object space 48128K, 29% used [0x00000000a0000000,0x00000000a0df1888,0x00000000a2f00000)
 Metaspace       used 28146K, capacity 28386K, committed 28800K, reserved 1075200K
  class space    used 3267K, capacity 3355K, committed 3456K, reserved 1048576K
Event: 46.737 GC heap after
Heap after GC invocations=9 (full 1):
 PSYoungGen      total 179712K, used 10746K [0x00000000e0000000, 0x00000000ed200000, 0x0000000100000000)
  eden space 168960K, 0% used [0x00000000e0000000,0x00000000e0000000,0x00000000ea500000)
  from space 10752K, 99% used [0x00000000ec780000,0x00000000ed1fea60,0x00000000ed200000)
  to   space 13312K, 0% used [0x00000000eb800000,0x00000000eb800000,0x00000000ec500000)
 ParOldGen       total 48128K, used 17365K [0x00000000a0000000, 0x00000000a2f00000, 0x00000000e0000000)
  object space 48128K, 36% used [0x00000000a0000000,0x00000000a10f5578,0x00000000a2f00000)
 Metaspace       used 28146K, capacity 28386K, committed 28800K, reserved 1075200K
  class space    used 3267K, capacity 3355K, committed 3456K, reserved 1048576K
}

Deoptimization events (10 events):
Event: 11.140 Thread 0x0000000018dfb800 Uncommon trap: reason=unstable_if action=reinterpret pc=0x0000000002568fe8 method=java.lang.String.replace(CC)Ljava/lang/String; @ 2
Event: 11.763 Thread 0x0000000018dfb800 Uncommon trap: reason=unstable_if action=reinterpret pc=0x0000000002908228 method=java.util.regex.Pattern$BmpCharProperty.match(Ljava/util/regex/Matcher;ILjava/lang/CharSequence;)Z @ 34
Event: 11.820 Thread 0x0000000018dfb800 Uncommon trap: reason=unstable_if action=reinterpret pc=0x0000000002a6ca40 method=java.util.concurrent.ConcurrentHashMap.putVal(Ljava/lang/Object;Ljava/lang/Object;Z)Ljava/lang/Object; @ 206
Event: 17.468 Thread 0x0000000018dfb800 Uncommon trap: reason=unstable_if action=reinterpret pc=0x000000000274826c method=java.util.concurrent.ConcurrentHashMap.get(Ljava/lang/Object;)Ljava/lang/Object; @ 76
Event: 17.509 Thread 0x000000000215f800 Uncommon trap: reason=class_check action=maybe_recompile pc=0x000000000291fe4c method=java.util.regex.Pattern$Curly.match(Ljava/util/regex/Matcher;ILjava/lang/CharSequence;)Z @ 19
Event: 17.509 Thread 0x000000000215f800 Uncommon trap: reason=class_check action=maybe_recompile pc=0x000000000291fe4c method=java.util.regex.Pattern$Curly.match(Ljava/util/regex/Matcher;ILjava/lang/CharSequence;)Z @ 19
Event: 17.509 Thread 0x000000000215f800 Uncommon trap: reason=class_check action=maybe_recompile pc=0x000000000291fe4c method=java.util.regex.Pattern$Curly.match(Ljava/util/regex/Matcher;ILjava/lang/CharSequence;)Z @ 19
Event: 17.509 Thread 0x000000000215f800 Uncommon trap: reason=class_check action=maybe_recompile pc=0x000000000291fe4c method=java.util.regex.Pattern$Curly.match(Ljava/util/regex/Matcher;ILjava/lang/CharSequence;)Z @ 19
Event: 80.149 Thread 0x0000000017883800 Uncommon trap: reason=range_check action=make_not_entrant pc=0x0000000002bda9d8 method=java.lang.String.charAt(I)C @ 27
Event: 243.959 Thread 0x000000000215f800 Uncommon trap: reason=null_check action=make_not_entrant pc=0x0000000002d0bda0 method=org.testng.shaded.com.google.gson.internal.Excluder.isAnonymousOrLocal(Ljava/lang/Class;)Z @ 3

Internal exceptions (10 events):
Event: 487.046 Thread 0x0000000017a94000 Exception <a 'java/net/SocketTimeoutException': connect timed out> (0x00000000e69cf228) thrown at [C:\re\workspace\8-2-build-windows-amd64-cygwin\jdk8u131\8869\hotspot\src\share\vm\prims\jni.cpp, line 735]
Event: 487.875 Thread 0x0000000017a94000 Exception <a 'java/net/SocketTimeoutException': connect timed out> (0x00000000e69d0658) thrown at [C:\re\workspace\8-2-build-windows-amd64-cygwin\jdk8u131\8869\hotspot\src\share\vm\prims\jni.cpp, line 735]
Event: 488.711 Thread 0x0000000017a94000 Exception <a 'java/net/SocketTimeoutException': connect timed out> (0x00000000e69d1a88) thrown at [C:\re\workspace\8-2-build-windows-amd64-cygwin\jdk8u131\8869\hotspot\src\share\vm\prims\jni.cpp, line 735]
Event: 515.805 Thread 0x0000000017883800 Exception <a 'java/lang/reflect/InvocationTargetException'> (0x00000000e78c3588) thrown at [C:\re\workspace\8-2-build-windows-amd64-cygwin\jdk8u131\8869\hotspot\src\share\vm\runtime\reflection.cpp, line 1092]
Event: 515.813 Thread 0x0000000017883800 Exception <a 'java/lang/NullPointerException'> (0x00000000e78ff568) thrown at [C:\re\workspace\8-2-build-windows-amd64-cygwin\jdk8u131\8869\hotspot\src\share\vm\interpreter\linkResolver.cpp, line 1197]
Event: 515.813 Thread 0x0000000017883800 Exception <a 'java/lang/NullPointerException'> (0x00000000e79039f8) thrown at [C:\re\workspace\8-2-build-windows-amd64-cygwin\jdk8u131\8869\hotspot\src\share\vm\interpreter\linkResolver.cpp, line 1299]
Event: 516.634 Thread 0x0000000017a94000 Exception <a 'java/net/SocketTimeoutException': connect timed out> (0x00000000e69df6e0) thrown at [C:\re\workspace\8-2-build-windows-amd64-cygwin\jdk8u131\8869\hotspot\src\share\vm\prims\jni.cpp, line 735]
Event: 518.214 Thread 0x0000000017883800 Exception <a 'sun/net/ConnectionResetException': > (0x00000000e7a11c98) thrown at [C:\re\workspace\8-2-build-windows-amd64-cygwin\jdk8u131\8869\hotspot\src\share\vm\prims\jni.cpp, line 735]
Event: 518.214 Thread 0x0000000017883800 Exception <a 'sun/net/ConnectionResetException': > (0x00000000e7a120b0) thrown at [C:\re\workspace\8-2-build-windows-amd64-cygwin\jdk8u131\8869\hotspot\src\share\vm\prims\jni.cpp, line 735]
Event: 518.999 Thread 0x0000000017a94000 Exception <a 'java/net/SocketTimeoutException': connect timed out> (0x00000000e69ed348) thrown at [C:\re\workspace\8-2-build-windows-amd64-cygwin\jdk8u131\8869\hotspot\src\share\vm\prims\jni.cpp, line 735]

Events (10 events):
Event: 519.058 loading class org/openqa/selenium/os/WindowsRegistryException
Event: 519.058 loading class org/openqa/selenium/os/WindowsRegistryException done
Event: 519.092 loading class org/openqa/selenium/os/ProcessUtils
Event: 519.092 loading class org/openqa/selenium/os/ProcessUtils done
Event: 519.096 loading class org/openqa/selenium/os/ProcessUtils$ProcessStillAliveException
Event: 519.096 loading class org/openqa/selenium/os/ProcessUtils$ProcessStillAliveException done
Event: 519.101 loading class org/openqa/selenium/os/Kernel32
Event: 519.101 loading class org/openqa/selenium/os/Kernel32 done
Event: 519.101 loading class com/sun/jna/platform/win32/Kernel32
Event: 519.101 loading class com/sun/jna/platform/win32/Kernel32 done


Dynamic libraries:
0x000000013ff40000 - 0x000000013ff77000 	C:\Program Files\Java\jre1.8.0_131\bin\javaw.exe
0x00000000771b0000 - 0x000000007734f000 	C:\Windows\SYSTEM32\ntdll.dll
0x0000000076f90000 - 0x00000000770af000 	C:\Windows\system32\kernel32.dll
0x000007fefcef0000 - 0x000007fefcf5a000 	C:\Windows\system32\KERNELBASE.dll
0x000007fefdcd0000 - 0x000007fefddab000 	C:\Windows\system32\ADVAPI32.dll
0x000007fefdb90000 - 0x000007fefdc2f000 	C:\Windows\system32\msvcrt.dll
0x000007fefdcb0000 - 0x000007fefdccf000 	C:\Windows\SYSTEM32\sechost.dll
0x000007fefd460000 - 0x000007fefd58d000 	C:\Windows\system32\RPCRT4.dll
0x00000000770b0000 - 0x00000000771aa000 	C:\Windows\system32\USER32.dll
0x000007fefed90000 - 0x000007fefedf7000 	C:\Windows\system32\GDI32.dll
0x000007fefeba0000 - 0x000007fefebae000 	C:\Windows\system32\LPK.dll
0x000007fefee00000 - 0x000007fefeecb000 	C:\Windows\system32\USP10.dll
0x000007fefb050000 - 0x000007fefb244000 	C:\Windows\WinSxS\amd64_microsoft.windows.common-controls_6595b64144ccf1df_6.0.7601.18837_none_fa3b1e3d17594757\COMCTL32.dll
0x000007fefdc30000 - 0x000007fefdca1000 	C:\Windows\system32\SHLWAPI.dll
0x000007fefd590000 - 0x000007fefd5be000 	C:\Windows\system32\IMM32.DLL
0x000007fefd8f0000 - 0x000007fefd9f9000 	C:\Windows\system32\MSCTF.dll
0x000007fefcd90000 - 0x000007fefcded000 	c:\progra~1\citrix\system32\mfaphook64.dll
0x000007fefccb0000 - 0x000007fefcce2000 	C:\Program Files\Citrix\ICAService\picaFullScreenHookX64.dll
0x000007fefc5b0000 - 0x000007fefc5fe000 	C:\Program Files\Citrix\ICAService\ShellHook64.dll
0x000007fefddb0000 - 0x000007fefeb3b000 	C:\Windows\system32\SHELL32.dll
0x000007fefcb30000 - 0x000007fefccab000 	C:\Program Files\Citrix\ICAService\SCardHook64.dll
0x000007fefcb00000 - 0x000007fefcb2a000 	C:\Program Files\Citrix\ICAService\cxinjime64.dll
0x000007fefca70000 - 0x000007fefcab8000 	C:\Program Files\Citrix\ICAService\PicaWtsHook64.dll
0x0000000069f20000 - 0x0000000069ff2000 	C:\Program Files\Java\jre1.8.0_131\bin\msvcr100.dll
0x0000000064890000 - 0x000000006512c000 	C:\Program Files\Java\jre1.8.0_131\bin\server\jvm.dll
0x000007fef1370000 - 0x000007fef1379000 	C:\Windows\system32\WSOCK32.dll
0x000007feff0d0000 - 0x000007feff11d000 	C:\Windows\system32\WS2_32.dll
0x000007feff490000 - 0x000007feff498000 	C:\Windows\system32\NSI.dll
0x000007fef8fa0000 - 0x000007fef8fdb000 	C:\Windows\system32\WINMM.dll
0x000007fefc960000 - 0x000007fefc96c000 	C:\Windows\system32\VERSION.dll
0x0000000077360000 - 0x0000000077367000 	C:\Windows\system32\PSAPI.DLL
0x0000000068980000 - 0x000000006898f000 	C:\Program Files\Java\jre1.8.0_131\bin\verify.dll
0x0000000068950000 - 0x0000000068979000 	C:\Program Files\Java\jre1.8.0_131\bin\java.dll
0x0000000068930000 - 0x0000000068946000 	C:\Program Files\Java\jre1.8.0_131\bin\zip.dll
0x000007fefeed0000 - 0x000007feff0cd000 	C:\Windows\system32\ole32.dll
0x000007fefce80000 - 0x000007fefce8f000 	C:\Windows\system32\profapi.dll
0x0000000068910000 - 0x000000006892a000 	C:\Program Files\Java\jre1.8.0_131\bin\net.dll
0x000007fefbbd0000 - 0x000007fefbc25000 	C:\Windows\system32\mswsock.dll
0x000007fefbe30000 - 0x000007fefbe37000 	C:\Windows\System32\wship6.dll
0x000007fefb610000 - 0x000007fefb617000 	C:\Windows\System32\wshtcpip.dll
0x000007fefba10000 - 0x000007fefba6b000 	C:\Windows\system32\DNSAPI.dll
0x000007fefa810000 - 0x000007fefa837000 	C:\Windows\system32\IPHLPAPI.DLL
0x000007fefa800000 - 0x000007fefa80b000 	C:\Windows\system32\WINNSI.DLL
0x000007fef92f0000 - 0x000007fef92f8000 	C:\Windows\system32\rasadhlp.dll
0x000007fef9300000 - 0x000007fef9353000 	C:\Windows\System32\fwpuclnt.dll
0x000007fefbd90000 - 0x000007fefbda8000 	C:\Windows\system32\CRYPTSP.dll
0x000007fefb920000 - 0x000007fefb967000 	C:\Windows\system32\rsaenh.dll
0x000007fefd210000 - 0x000007fefd22e000 	C:\Windows\system32\USERENV.dll
0x000007fefc270000 - 0x000007fefc27f000 	C:\Windows\system32\CRYPTBASE.dll
0x000007fef9380000 - 0x000007fef9391000 	C:\Windows\system32\dhcpcsvc6.DLL
0x000007fef9360000 - 0x000007fef9378000 	C:\Windows\system32\dhcpcsvc.DLL
0x00000000688f0000 - 0x0000000068901000 	C:\Program Files\Java\jre1.8.0_131\bin\nio.dll
0x000000006b160000 - 0x000000006b16d000 	C:\Program Files\Java\jre1.8.0_131\bin\management.dll
0x000007fef93f0000 - 0x000007fef9405000 	C:\Windows\system32\NLAapi.dll
0x000007fef93d0000 - 0x000007fef93e5000 	C:\Windows\system32\napinsp.dll
0x000007fef93b0000 - 0x000007fef93c9000 	C:\Windows\system32\pnrpnsp.dll
0x000007fef93a0000 - 0x000007fef93ab000 	C:\Windows\System32\winrnr.dll
0x0000000065ea0000 - 0x0000000066012000 	C:\GitRepository_CLR\clrproject\clrproject\WLPProject\lib\jdbc\dblg64\dbjdbc16.dll
0x00000000688b0000 - 0x00000000688d4000 	C:\Program Files\Java\jre1.8.0_131\bin\sunec.dll
0x000007fefc280000 - 0x000007fefc2d7000 	C:\Windows\system32\apphelp.dll

VM Arguments:
jvm_args: -ea -Dfile.encoding=Cp1252 
java_command: org.testng.remote.RemoteTestNG -serport 62620 -protocol json -d C:\GitRepository_CLR\clrproject\clrproject\WLPProject\test-output C:\GitRepository_CLR\clrproject\clrproject\WLPProject\testng.xml
java_class_path (initial): C:\eclipse-jee-mars-2-win32-x86_64\eclipse\plugins\org.testng.eclipse_6.11.0.201703011520\lib\testng-remote.jar;C:\GitRepository_CLR\clrproject\clrproject\WLPProject\bin;C:\GitRepository_CLR\clrproject\clrproject\WLPProject\lib\commons-lang3\commons-lang3-3.4-javadoc.jar;C:\GitRepository_CLR\clrproject\clrproject\WLPProject\lib\commons-lang3\commons-lang3-3.4.jar;C:\GitRepository_CLR\clrproject\clrproject\WLPProject\lib\jdbc\jconn3.jar;C:\GitRepository_CLR\clrproject\clrproject\WLPProject\lib\jdbc\ojdbc6.jar;C:\GitRepository_CLR\clrproject\clrproject\WLPProject\lib\jdbc\sajdbc4.jar;C:\GitRepository_CLR\clrproject\clrproject\WLPProject\lib\jdom\jdom-2.0.6-contrib.jar;C:\GitRepository_CLR\clrproject\clrproject\WLPProject\lib\jdom\jdom-2.0.6-javadoc.jar;C:\GitRepository_CLR\clrproject\clrproject\WLPProject\lib\jdom\jdom-2.0.6-junit.jar;C:\GitRepository_CLR\clrproject\clrproject\WLPProject\lib\jdom\jdom-2.0.6-sources.jar;C:\GitRepository_CLR\clrproject\clrproject\WLPProject\lib\jdom\jdom-2.0.6.jar;C:\GitRepository_CLR\clrproject\clrproject\WLPProject\lib\log4j2\log4j-api-2.6.1.jar;C:\GitRepository_CLR\clrproject\clrproject\WLPProject\lib\log4j2\log4j-core-2.6.1.jar;C:\GitRepository_CLR\clrproject\clrproject\WLPProject\lib\log4j2\log4j-jcl-2.6.1.jar;C:\GitRepository_CLR\clrproject\clrproject\WLPProject\lib\log4j2\log4j-jul-2.6.1.jar;C:\GitRepository_CLR\clrproject\clrproject\WLPProject\lib\log4j2\log4j-web-2.6.1.jar;C:\GitRepository_CLR\clrproject\clrproject\WLPProject\lib\selenium\selenium-java-2.53.0-srcs.jar;C:\GitRepository_CLR\clrproject\clrproject\WLPProject\lib\selenium\selenium-java-2.53.0.jar;C:\GitRepository_CLR\clrproject\clrproject\WLPProject\lib\testng\jcommander-1.48.jar;C:\GitRepository_CLR\clrproject\clrproject\WLPProject\lib\testng\testng-6.9.9.jar;C:\GitRepository_CLR\clrproject\clrproject\WLPProject\lib\extentreports\lib\ant-1.7.0.jar;C:\GitRepository_CLR\clrproject\clrproject\WLPProject\lib\extentreports\lib\ant-launcher-1
Launcher Type: SUN_STANDARD

Environment Variables:
JAVA_HOME=C:\Softwares\jdk1.8.0_111
PATH=C:/Program Files/Java/jre1.8.0_131/bin/server;C:/Program Files/Java/jre1.8.0_131/bin;C:/Program Files/Java/jre1.8.0_131/lib/amd64;C:\ProgramData\Oracle\Java\javapath;C:\Program Files (x86)\CA\SC\CAWIN\;C:\Windows\system32;C:\Windows;C:\Windows\System32\Wbem;C:\Windows\System32\WindowsPowerShell\v1.0\;C:\Oracle\BIToolsHome_1\jre\1.4.2\bin\;C:\Oracle\BIToolsHome_1\jre\1.4.2\bin\client\;C:\Oracle\BIToolsHome_1\jlib\;C:\Oracle\BIToolsHome_1\bin\;C:\Program Files\Citrix\System32\;C:\Program Files\Citrix\ICAService\;C:\PROGRA~2\CA\SC\CAM\bin;C:\Program Files (x86)\CA\SC\Csam\SockAdapter\bin;C:\Program Files (x86)\CA\SC\CBB\;C:\Program Files (x86)\CA\DSM\bin;C:\Program Files (x86)\CA\SC\DTS\bin\;C:\Program Files (x86)\CA\SC\Csam\SockAdapter\bin;C:\Program Files (x86)\CA\SC\Csam\SockAdapter\bin64;C:\Program Files\Citrix\Virtual Desktop Agent\;C:\Windows\System32\WindowsPowerShell\v1.0\;C:\Softwares\apache-ant-1.9.7\bin;;C:\eclipse-jee-mars-2-win32-x86_64\eclipse;
USERNAME=xsrno
OS=Windows_NT
PROCESSOR_IDENTIFIER=Intel64 Family 6 Model 45 Stepping 2, GenuineIntel



---------------  S Y S T E M  ---------------

OS: Windows 7 , 64 bit Build 7601 (6.1.7601.24094)

CPU:total 2 (initial active 2) (1 cores per cpu, 1 threads per core) family 6 model 45 stepping 2, cmov, cx8, fxsr, mmx, sse, sse2, sse3, ssse3, sse4.1, sse4.2, popcnt, avx, aes, clmul, tsc, tscinvbit, tscinv

Memory: 4k page, physical 6291000k(490748k free), swap 12579556k(6068k free)

vm_info: Java HotSpot(TM) 64-Bit Server VM (25.131-b11) for windows-amd64 JRE (1.8.0_131-b11), built on Mar 15 2017 01:23:53 by "java_re" with MS VC++ 10.0 (VS2010)

time: Mon Sep 03 19:15:39 2018
elapsed time: 519 seconds (0d 0h 8m 39s)

