#
# There is insufficient memory for the Java Runtime Environment to continue.
# Native memory allocation (malloc) failed to allocate 32744 bytes for ChunkPool::allocate
# Possible reasons:
#   The system is out of physical RAM or swap space
#   In 32 bit mode, the process size limit was hit
# Possible solutions:
#   Reduce memory load on the system
#   Increase physical memory or swap space
#   Check if swap backing store is full
#   Use 64 bit Java on a 64 bit OS
#   Decrease Java heap size (-Xmx/-Xms)
#   Decrease number of Java threads
#   Decrease Java thread stack sizes (-Xss)
#   Set larger code cache with -XX:ReservedCodeCacheSize=
# This output file may be truncated or incomplete.
#
#  Out of Memory Error (allocation.cpp:273), pid=4068, tid=0x000000000000101c
#
# JRE version: Java(TM) SE Runtime Environment (8.0_111-b14) (build 1.8.0_111-b14)
# Java VM: Java HotSpot(TM) 64-Bit Server VM (25.111-b14 mixed mode windows-amd64 compressed oops)
# Failed to write core dump. Minidumps are not enabled by default on client versions of Windows
#

---------------  T H R E A D  ---------------

Current thread (0x0000000015c33000):  JavaThread "C2 CompilerThread0" daemon [_thread_in_native, id=4124, stack(0x0000000016f90000,0x0000000017090000)]

Stack: [0x0000000016f90000,0x0000000017090000]
[error occurred during error reporting (printing stack bounds), id 0xc0000005]

Native frames: (J=compiled Java code, j=interpreted, Vv=VM code, C=native code)


Current CompileTask:
C2:1278470 1993       4       org.testng.internal.BaseTestMethod::toString (5 bytes)


---------------  P R O C E S S  ---------------

Java Threads: ( => current thread )
  0x000000001804d000 JavaThread "pool-4-thread-1" [_thread_in_Java, id=13276, stack(0x000000001b010000,0x000000001b110000)]
  0x0000000017c8f800 JavaThread "UrlChecker-4" daemon [_thread_blocked, id=9592, stack(0x000000001a910000,0x000000001aa10000)]
  0x0000000017ef5000 JavaThread "Exec Stream Pumper" daemon [_thread_in_native, id=15960, stack(0x000000001aef0000,0x000000001aff0000)]
  0x0000000017ef4000 JavaThread "Exec Stream Pumper" daemon [_thread_in_native, id=11032, stack(0x000000001ad10000,0x000000001ae10000)]
  0x0000000018c7a800 JavaThread "Exec Default Executor" daemon [_thread_in_native, id=10192, stack(0x000000001a800000,0x000000001a900000)]
  0x0000000017a5a000 JavaThread "Exec Stream Pumper" daemon [_thread_in_native, id=16344, stack(0x000000001a6d0000,0x000000001a7d0000)]
  0x0000000017a53800 JavaThread "Exec Stream Pumper" daemon [_thread_in_native, id=996, stack(0x000000001a550000,0x000000001a650000)]
  0x0000000017a53000 JavaThread "Exec Default Executor" daemon [_thread_in_native, id=8564, stack(0x0000000016c60000,0x0000000016d60000)]
  0x0000000015c8f800 JavaThread "Service Thread" daemon [_thread_blocked, id=14584, stack(0x0000000017760000,0x0000000017860000)]
  0x0000000015c37000 JavaThread "C1 CompilerThread1" daemon [_thread_in_vm, id=6636, stack(0x0000000017150000,0x0000000017250000)]
=>0x0000000015c33000 JavaThread "C2 CompilerThread0" daemon [_thread_in_native, id=4124, stack(0x0000000016f90000,0x0000000017090000)]
  0x0000000015c31800 JavaThread "Attach Listener" daemon [_thread_blocked, id=8904, stack(0x0000000016dc0000,0x0000000016ec0000)]
  0x0000000015c2f800 JavaThread "Signal Dispatcher" daemon [_thread_blocked, id=18520, stack(0x0000000016630000,0x0000000016730000)]
  0x0000000015c12000 JavaThread "Finalizer" daemon [_thread_blocked, id=19344, stack(0x0000000016b60000,0x0000000016c60000)]
  0x0000000015bc7000 JavaThread "Reference Handler" daemon [_thread_blocked, id=9500, stack(0x0000000016930000,0x0000000016a30000)]
  0x00000000020d2000 JavaThread "main" [_thread_blocked, id=17264, stack(0x00000000024b0000,0x00000000025b0000)]

Other Threads:
  0x0000000015bc1000 VMThread [stack: 0x0000000016730000,0x0000000016830000] [id=7424]
  0x0000000017286000 WatcherThread [stack: 0x00000000178f0000,0x00000000179f0000] [id=8492]

VM state:not at safepoint (normal execution)

VM Mutex/Monitor currently owned by a thread: None

Heap:
 PSYoungGen      total 53248K, used 45266K [0x00000000e0000000, 0x00000000e7800000, 0x0000000100000000)
  eden space 49152K, 92% used [0x00000000e0000000,0x00000000e2c34b10,0x00000000e3000000)
  from space 4096K, 0% used [0x00000000e3000000,0x00000000e3000000,0x00000000e3400000)
  to   space 12288K, 0% used [0x00000000e6c00000,0x00000000e6c00000,0x00000000e7800000)
 ParOldGen       total 59904K, used 15730K [0x00000000a0000000, 0x00000000a3a80000, 0x00000000e0000000)
  object space 59904K, 26% used [0x00000000a0000000,0x00000000a0f5c910,0x00000000a3a80000)
 Metaspace       used 25081K, capacity 25284K, committed 25472K, reserved 1071104K
  class space    used 3000K, capacity 3096K, committed 3200K, reserved 1048576K

Card table byte_map: [0x0000000011970000,0x0000000011c80000] byte_map_base: 0x0000000011470000

Marking Bits: (ParMarkBitMap*) 0x000000006349a6c0
 Begin Bits: [0x0000000011f90000, 0x0000000013790000)
 End Bits:   [0x0000000013790000, 0x0000000014f90000)

Polling page: 0x0000000001ec0000

CodeCache: size=245760Kb used=6693Kb max_used=6693Kb free=239066Kb
 bounds [0x00000000025b0000, 0x0000000002c40000, 0x00000000115b0000]
 total_blobs=2468 nmethods=2001 adapters=379
 compilation: enabled

Compilation events (10 events):
Event: 1278.439 Thread 0x0000000015c33000 1989       4       java.util.regex.Pattern$1::isSatisfiedBy (13 bytes)
Event: 1278.439 Thread 0x0000000015c37000 1992       3       org.testng.collections.MultiMap::get (14 bytes)
Event: 1278.439 Thread 0x0000000015c37000 nmethod 1992 0x0000000002c2ff50 code [0x0000000002c300c0, 0x0000000002c303e8]
Event: 1278.439 Thread 0x0000000015c33000 nmethod 1989 0x0000000002c2fcd0 code [0x0000000002c2fe00, 0x0000000002c2fe98]
Event: 1278.440 Thread 0x0000000015c33000 1993       4       org.testng.internal.BaseTestMethod::toString (5 bytes)
Event: 1278.443 Thread 0x0000000015c37000 1995       3       java.util.AbstractCollection::addAll (42 bytes)
Event: 1278.443 Thread 0x0000000015c37000 nmethod 1995 0x0000000002c31c10 code [0x0000000002c31dc0, 0x0000000002c32318]
Event: 1278.444 Thread 0x0000000015c37000 1996       3       com.sun.org.apache.xerces.internal.parsers.XML11Configuration::getPropertyState (23 bytes)
Event: 1278.445 Thread 0x0000000015c37000 nmethod 1996 0x0000000002c33150 code [0x0000000002c33340, 0x0000000002c33d08]
Event: 1278.445 Thread 0x0000000015c37000 1997       3       com.sun.org.apache.xerces.internal.dom.DeferredDocumentImpl::createNode (46 bytes)

GC Heap History (10 events):
Event: 2.884 GC heap before
{Heap before GC invocations=2 (full 0):
 PSYoungGen      total 28672K, used 28644K [0x00000000e0000000, 0x00000000e2000000, 0x0000000100000000)
  eden space 24576K, 100% used [0x00000000e0000000,0x00000000e1800000,0x00000000e1800000)
  from space 4096K, 99% used [0x00000000e1800000,0x00000000e1bf9298,0x00000000e1c00000)
  to   space 4096K, 0% used [0x00000000e1c00000,0x00000000e1c00000,0x00000000e2000000)
 ParOldGen       total 65536K, used 35K [0x00000000a0000000, 0x00000000a4000000, 0x00000000e0000000)
  object space 65536K, 0% used [0x00000000a0000000,0x00000000a0008df0,0x00000000a4000000)
 Metaspace       used 13577K, capacity 13684K, committed 13952K, reserved 1060864K
  class space    used 1565K, capacity 1629K, committed 1664K, reserved 1048576K
Event: 2.892 GC heap after
Heap after GC invocations=2 (full 0):
 PSYoungGen      total 28672K, used 4071K [0x00000000e0000000, 0x00000000e2000000, 0x0000000100000000)
  eden space 24576K, 0% used [0x00000000e0000000,0x00000000e0000000,0x00000000e1800000)
  from space 4096K, 99% used [0x00000000e1c00000,0x00000000e1ff9fb0,0x00000000e2000000)
  to   space 4096K, 0% used [0x00000000e1800000,0x00000000e1800000,0x00000000e1c00000)
 ParOldGen       total 65536K, used 398K [0x00000000a0000000, 0x00000000a4000000, 0x00000000e0000000)
  object space 65536K, 0% used [0x00000000a0000000,0x00000000a0063ac0,0x00000000a4000000)
 Metaspace       used 13577K, capacity 13684K, committed 13952K, reserved 1060864K
  class space    used 1565K, capacity 1629K, committed 1664K, reserved 1048576K
}
Event: 3.110 GC heap before
{Heap before GC invocations=3 (full 0):
 PSYoungGen      total 28672K, used 28647K [0x00000000e0000000, 0x00000000e2000000, 0x0000000100000000)
  eden space 24576K, 100% used [0x00000000e0000000,0x00000000e1800000,0x00000000e1800000)
  from space 4096K, 99% used [0x00000000e1c00000,0x00000000e1ff9fb0,0x00000000e2000000)
  to   space 4096K, 0% used [0x00000000e1800000,0x00000000e1800000,0x00000000e1c00000)
 ParOldGen       total 65536K, used 398K [0x00000000a0000000, 0x00000000a4000000, 0x00000000e0000000)
  object space 65536K, 0% used [0x00000000a0000000,0x00000000a0063ac0,0x00000000a4000000)
 Metaspace       used 13748K, capacity 13894K, committed 13952K, reserved 1060864K
  class space    used 1566K, capacity 1632K, committed 1664K, reserved 1048576K
Event: 3.118 GC heap after
Heap after GC invocations=3 (full 0):
 PSYoungGen      total 28672K, used 4070K [0x00000000e0000000, 0x00000000e3800000, 0x0000000100000000)
  eden space 24576K, 0% used [0x00000000e0000000,0x00000000e0000000,0x00000000e1800000)
  from space 4096K, 99% used [0x00000000e1800000,0x00000000e1bf9b38,0x00000000e1c00000)
  to   space 4096K, 0% used [0x00000000e3400000,0x00000000e3400000,0x00000000e3800000)
 ParOldGen       total 65536K, used 870K [0x00000000a0000000, 0x00000000a4000000, 0x00000000e0000000)
  object space 65536K, 1% used [0x00000000a0000000,0x00000000a00d9ac0,0x00000000a4000000)
 Metaspace       used 13748K, capacity 13894K, committed 13952K, reserved 1060864K
  class space    used 1566K, capacity 1632K, committed 1664K, reserved 1048576K
}
Event: 4.370 GC heap before
{Heap before GC invocations=4 (full 0):
 PSYoungGen      total 28672K, used 28646K [0x00000000e0000000, 0x00000000e3800000, 0x0000000100000000)
  eden space 24576K, 100% used [0x00000000e0000000,0x00000000e1800000,0x00000000e1800000)
  from space 4096K, 99% used [0x00000000e1800000,0x00000000e1bf9b38,0x00000000e1c00000)
  to   space 4096K, 0% used [0x00000000e3400000,0x00000000e3400000,0x00000000e3800000)
 ParOldGen       total 65536K, used 870K [0x00000000a0000000, 0x00000000a4000000, 0x00000000e0000000)
  object space 65536K, 1% used [0x00000000a0000000,0x00000000a00d9ac0,0x00000000a4000000)
 Metaspace       used 14355K, capacity 14514K, committed 14848K, reserved 1062912K
  class space    used 1632K, capacity 1666K, committed 1792K, reserved 1048576K
Event: 4.379 GC heap after
Heap after GC invocations=4 (full 0):
 PSYoungGen      total 53248K, used 4064K [0x00000000e0000000, 0x00000000e3800000, 0x0000000100000000)
  eden space 49152K, 0% used [0x00000000e0000000,0x00000000e0000000,0x00000000e3000000)
  from space 4096K, 99% used [0x00000000e3400000,0x00000000e37f8020,0x00000000e3800000)
  to   space 4096K, 0% used [0x00000000e3000000,0x00000000e3000000,0x00000000e3400000)
 ParOldGen       total 65536K, used 3130K [0x00000000a0000000, 0x00000000a4000000, 0x00000000e0000000)
  object space 65536K, 4% used [0x00000000a0000000,0x00000000a030eb40,0x00000000a4000000)
 Metaspace       used 14355K, capacity 14514K, committed 14848K, reserved 1062912K
  class space    used 1632K, capacity 1666K, committed 1792K, reserved 1048576K
}
Event: 8.601 GC heap before
{Heap before GC invocations=5 (full 0):
 PSYoungGen      total 53248K, used 39281K [0x00000000e0000000, 0x00000000e3800000, 0x0000000100000000)
  eden space 49152K, 71% used [0x00000000e0000000,0x00000000e2264758,0x00000000e3000000)
  from space 4096K, 99% used [0x00000000e3400000,0x00000000e37f8020,0x00000000e3800000)
  to   space 4096K, 0% used [0x00000000e3000000,0x00000000e3000000,0x00000000e3400000)
 ParOldGen       total 65536K, used 3130K [0x00000000a0000000, 0x00000000a4000000, 0x00000000e0000000)
  object space 65536K, 4% used [0x00000000a0000000,0x00000000a030eb40,0x00000000a4000000)
 Metaspace       used 20877K, capacity 21106K, committed 21248K, reserved 1069056K
  class space    used 2374K, capacity 2479K, committed 2560K, reserved 1048576K
Event: 8.622 GC heap after
Heap after GC invocations=5 (full 0):
 PSYoungGen      total 53248K, used 4064K [0x00000000e0000000, 0x00000000e7800000, 0x0000000100000000)
  eden space 49152K, 0% used [0x00000000e0000000,0x00000000e0000000,0x00000000e3000000)
  from space 4096K, 99% used [0x00000000e3000000,0x00000000e33f8020,0x00000000e3400000)
  to   space 12288K, 0% used [0x00000000e6c00000,0x00000000e6c00000,0x00000000e7800000)
 ParOldGen       total 65536K, used 12700K [0x00000000a0000000, 0x00000000a4000000, 0x00000000e0000000)
  object space 65536K, 19% used [0x00000000a0000000,0x00000000a0c673f0,0x00000000a4000000)
 Metaspace       used 20877K, capacity 21106K, committed 21248K, reserved 1069056K
  class space    used 2374K, capacity 2479K, committed 2560K, reserved 1048576K
}
Event: 8.622 GC heap before
{Heap before GC invocations=6 (full 1):
 PSYoungGen      total 53248K, used 4064K [0x00000000e0000000, 0x00000000e7800000, 0x0000000100000000)
  eden space 49152K, 0% used [0x00000000e0000000,0x00000000e0000000,0x00000000e3000000)
  from space 4096K, 99% used [0x00000000e3000000,0x00000000e33f8020,0x00000000e3400000)
  to   space 12288K, 0% used [0x00000000e6c00000,0x00000000e6c00000,0x00000000e7800000)
 ParOldGen       total 65536K, used 12700K [0x00000000a0000000, 0x00000000a4000000, 0x00000000e0000000)
  object space 65536K, 19% used [0x00000000a0000000,0x00000000a0c673f0,0x00000000a4000000)
 Metaspace       used 20877K, capacity 21106K, committed 21248K, reserved 1069056K
  class space    used 2374K, capacity 2479K, committed 2560K, reserved 1048576K
Event: 8.698 GC heap after
Heap after GC invocations=6 (full 1):
 PSYoungGen      total 53248K, used 0K [0x00000000e0000000, 0x00000000e7800000, 0x0000000100000000)
  eden space 49152K, 0% used [0x00000000e0000000,0x00000000e0000000,0x00000000e3000000)
  from space 4096K, 0% used [0x00000000e3000000,0x00000000e3000000,0x00000000e3400000)
  to   space 12288K, 0% used [0x00000000e6c00000,0x00000000e6c00000,0x00000000e7800000)
 ParOldGen       total 59904K, used 15730K [0x00000000a0000000, 0x00000000a3a80000, 0x00000000e0000000)
  object space 59904K, 26% used [0x00000000a0000000,0x00000000a0f5c910,0x00000000a3a80000)
 Metaspace       used 20877K, capacity 21106K, committed 21248K, reserved 1069056K
  class space    used 2374K, capacity 2479K, committed 2560K, reserved 1048576K
}

Deoptimization events (10 events):
Event: 9.116 Thread 0x000000001804d000 Uncommon trap: reason=class_check action=maybe_recompile pc=0x0000000002a1ec90 method=java.util.HashSet.iterator()Ljava/util/Iterator; @ 4
Event: 9.224 Thread 0x000000001804d000 Uncommon trap: reason=unstable_if action=reinterpret pc=0x00000000029ce548 method=java.lang.Integer.equals(Ljava/lang/Object;)Z @ 18
Event: 9.274 Thread 0x000000001804d000 Uncommon trap: reason=unstable_if action=reinterpret pc=0x000000000272fe24 method=java.lang.String.replace(CC)Ljava/lang/String; @ 2
Event: 9.277 Thread 0x000000001804d000 Uncommon trap: reason=bimorphic action=maybe_recompile pc=0x0000000002ad5948 method=java.util.HashMap.putMapEntries(Ljava/util/Map;Z)V @ 96
Event: 9.278 Thread 0x000000001804d000 Uncommon trap: reason=bimorphic action=maybe_recompile pc=0x00000000028bc65c method=java.net.URL.<init>(Ljava/net/URL;Ljava/lang/String;Ljava/net/URLStreamHandler;)V @ 504
Event: 9.303 Thread 0x0000000018db7000 Uncommon trap: reason=unstable_if action=reinterpret pc=0x0000000002bb7598 method=java.util.concurrent.ConcurrentHashMap.addCount(JI)V @ 121
Event: 9.997 Thread 0x000000001804d000 Uncommon trap: reason=unstable_if action=reinterpret pc=0x0000000002aabda8 method=java.util.regex.Pattern$BmpCharProperty.match(Ljava/util/regex/Matcher;ILjava/lang/CharSequence;)Z @ 34
Event: 10.066 Thread 0x000000001804d000 Uncommon trap: reason=unstable_if action=reinterpret pc=0x0000000002bf4e38 method=java.util.concurrent.ConcurrentHashMap.putVal(Ljava/lang/Object;Ljava/lang/Object;Z)Ljava/lang/Object; @ 206
Event: 1216.393 Thread 0x000000001804d000 Uncommon trap: reason=bimorphic action=maybe_recompile pc=0x00000000028bc65c method=java.net.URL.<init>(Ljava/net/URL;Ljava/lang/String;Ljava/net/URLStreamHandler;)V @ 504
Event: 1216.395 Thread 0x000000001804d000 Uncommon trap: reason=bimorphic action=maybe_recompile pc=0x0000000002ad5948 method=java.util.HashMap.putMapEntries(Ljava/util/Map;Z)V @ 96

Internal exceptions (10 events):
Event: 13.448 Thread 0x000000001804d000 Exception <a 'java/net/SocketTimeoutException': Read timed out> (0x00000000e247ef60) thrown at [C:\re\workspace\8-2-build-windows-amd64-cygwin\jdk8u111\7883\hotspot\src\share\vm\prims\jni.cpp, line 735]
Event: 1216.280 Thread 0x000000001804d000 Exception <a 'java/lang/NullPointerException'> (0x00000000e251c7d8) thrown at [C:\re\workspace\8-2-build-windows-amd64-cygwin\jdk8u111\7883\hotspot\src\share\vm\interpreter\linkResolver.cpp, line 1178]
Event: 1216.280 Thread 0x000000001804d000 Exception <a 'java/lang/reflect/InvocationTargetException'> (0x00000000e251c9e0) thrown at [C:\re\workspace\8-2-build-windows-amd64-cygwin\jdk8u111\7883\hotspot\src\share\vm\runtime\reflection.cpp, line 1092]
Event: 1216.286 Thread 0x000000001804d000 Exception <a 'java/lang/NullPointerException'> (0x00000000e254e280) thrown at [C:\re\workspace\8-2-build-windows-amd64-cygwin\jdk8u111\7883\hotspot\src\share\vm\interpreter\linkResolver.cpp, line 1178]
Event: 1216.297 Thread 0x000000001804d000 Exception <a 'java/lang/NullPointerException'> (0x00000000e25d3fb8) thrown at [C:\re\workspace\8-2-build-windows-amd64-cygwin\jdk8u111\7883\hotspot\src\share\vm\interpreter\linkResolver.cpp, line 1280]
Event: 1278.426 Thread 0x0000000017c8f800 Exception <a 'java/lang/OutOfMemoryError': unable to create new native thread> (0x00000000e2a5f818) thrown at [C:\re\workspace\8-2-build-windows-amd64-cygwin\jdk8u111\7883\hotspot\src\share\vm\prims\jvm.cpp, line 3029]
Event: 1278.426 Thread 0x0000000017c8f800 Exception <a 'java/lang/OutOfMemoryError'> (0x00000000e2a5f818) thrown at [C:\re\workspace\8-2-build-windows-amd64-cygwin\jdk8u111\7883\hotspot\src\share\vm\prims\jvm.cpp, line 1390]
Event: 1278.426 Thread 0x000000001804d000 Exception <a 'java/lang/reflect/InvocationTargetException'> (0x00000000e297b1c8) thrown at [C:\re\workspace\8-2-build-windows-amd64-cygwin\jdk8u111\7883\hotspot\src\share\vm\runtime\reflection.cpp, line 1092]
Event: 1278.427 Thread 0x000000001804d000 Exception <a 'java/lang/NullPointerException'> (0x00000000e2981968) thrown at [C:\re\workspace\8-2-build-windows-amd64-cygwin\jdk8u111\7883\hotspot\src\share\vm\interpreter\linkResolver.cpp, line 1178]
Event: 1278.427 Thread 0x000000001804d000 Exception <a 'java/lang/NullPointerException'> (0x00000000e2985e48) thrown at [C:\re\workspace\8-2-build-windows-amd64-cygwin\jdk8u111\7883\hotspot\src\share\vm\interpreter\linkResolver.cpp, line 1280]

Events (10 events):
Event: 1278.422 loading class org/openqa/selenium/net/UrlChecker$3 done
Event: 1278.423 Thread 0x0000000017c8f800 Thread added: 0x0000000017c8f800
Event: 1278.426 Executing VM operation: RevokeBias
Event: 1278.426 Executing VM operation: RevokeBias done
Event: 1278.427 Executing VM operation: RevokeBias
Event: 1278.427 Executing VM operation: RevokeBias done
Event: 1278.428 Thread 0x000000001804d000 Thread exited: 0x000000001804d000
Event: 1278.440 Thread 0x000000001804d000 Thread added: 0x000000001804d000
Event: 1278.441 Executing VM operation: RevokeBias
Event: 1278.441 Executing VM operation: RevokeBias done


Dynamic libraries:
0x000000013f500000 - 0x000000013f537000 	C:\Softwares\jdk1.8.0_111\jre\bin\java.exe
0x0000000077470000 - 0x000000007760f000 	C:\windows\SYSTEM32\ntdll.dll
0x0000000077350000 - 0x000000007746f000 	C:\windows\system32\kernel32.dll
0x000007fefd410000 - 0x000007fefd47a000 	C:\windows\system32\KERNELBASE.dll
0x000007feff5e0000 - 0x000007feff6bb000 	C:\windows\system32\ADVAPI32.dll
0x000007fefe750000 - 0x000007fefe7ef000 	C:\windows\system32\msvcrt.dll
0x000007fefe310000 - 0x000007fefe32f000 	C:\windows\SYSTEM32\sechost.dll
0x000007fefe1c0000 - 0x000007fefe2ed000 	C:\windows\system32\RPCRT4.dll
0x0000000077250000 - 0x000000007734a000 	C:\windows\system32\USER32.dll
0x000007fefdb70000 - 0x000007fefdbd7000 	C:\windows\system32\GDI32.dll
0x000007fefdb60000 - 0x000007fefdb6e000 	C:\windows\system32\LPK.dll
0x000007fefd770000 - 0x000007fefd83b000 	C:\windows\system32\USP10.dll
0x000007fefb830000 - 0x000007fefba24000 	C:\windows\WinSxS\amd64_microsoft.windows.common-controls_6595b64144ccf1df_6.0.7601.18837_none_fa3b1e3d17594757\COMCTL32.dll
0x000007fefe330000 - 0x000007fefe3a1000 	C:\windows\system32\SHLWAPI.dll
0x000007fefe610000 - 0x000007fefe63e000 	C:\windows\system32\IMM32.DLL
0x000007fefe640000 - 0x000007fefe749000 	C:\windows\system32\MSCTF.dll
0x000007fefd300000 - 0x000007fefd35c000 	c:\progra~1\citrix\system32\mfaphook64.dll
0x000007fefd220000 - 0x000007fefd252000 	C:\Program Files\Citrix\ICAService\picaFullScreenHookX64.dll
0x000007fefcb40000 - 0x000007fefcb76000 	C:\Program Files\Citrix\ICAService\ShellHook64.dll
0x000007fefdbe0000 - 0x000007fefdddf000 	C:\windows\system32\ole32.dll
0x000007fefe7f0000 - 0x000007feff57a000 	C:\windows\system32\SHELL32.dll
0x000007fefd0a0000 - 0x000007fefd218000 	C:\Program Files\Citrix\ICAService\SCardHook64.dll
0x000007fefd070000 - 0x000007fefd09a000 	C:\Program Files\Citrix\ICAService\cxinjime64.dll
0x000007fefd020000 - 0x000007fefd06d000 	C:\Program Files\Citrix\ICAService\PicaWtsHook64.dll
0x000000006a520000 - 0x000000006a5f2000 	C:\Softwares\jdk1.8.0_111\jre\bin\msvcr100.dll
0x0000000062c80000 - 0x000000006351a000 	C:\Softwares\jdk1.8.0_111\jre\bin\server\jvm.dll
0x000007feefb80000 - 0x000007feefb89000 	C:\windows\system32\WSOCK32.dll
0x000007fefe040000 - 0x000007fefe08d000 	C:\windows\system32\WS2_32.dll
0x000007fefdb50000 - 0x000007fefdb58000 	C:\windows\system32\NSI.dll
0x000007feef6f0000 - 0x000007feef72b000 	C:\windows\system32\WINMM.dll
0x000007fefbd30000 - 0x000007fefbd3c000 	C:\windows\system32\VERSION.dll
0x0000000077610000 - 0x0000000077617000 	C:\windows\system32\PSAPI.DLL
0x0000000071d00000 - 0x0000000071d0f000 	C:\Softwares\jdk1.8.0_111\jre\bin\verify.dll
0x000000006dc20000 - 0x000000006dc49000 	C:\Softwares\jdk1.8.0_111\jre\bin\java.dll
0x000000006df60000 - 0x000000006df76000 	C:\Softwares\jdk1.8.0_111\jre\bin\zip.dll
0x000007fefd360000 - 0x000007fefd36f000 	C:\windows\system32\profapi.dll
0x000007fefc630000 - 0x000007fefc648000 	C:\windows\system32\CRYPTSP.dll
0x000007fefc100000 - 0x000007fefc147000 	C:\windows\system32\rsaenh.dll
0x000007fefbf10000 - 0x000007fefbf2e000 	C:\windows\system32\USERENV.dll
0x000007fefcad0000 - 0x000007fefcadf000 	C:\windows\system32\CRYPTBASE.dll
0x000000006c180000 - 0x000000006c19a000 	C:\Softwares\jdk1.8.0_111\jre\bin\net.dll
0x000007fefc4c0000 - 0x000007fefc515000 	C:\windows\system32\mswsock.dll
0x000007fefc5d0000 - 0x000007fefc5d7000 	C:\windows\System32\wship6.dll
0x000007fefaed0000 - 0x000007fefaef7000 	C:\windows\system32\IPHLPAPI.DLL
0x000007fefaec0000 - 0x000007fefaecb000 	C:\windows\system32\WINNSI.DLL
0x000007fefa220000 - 0x000007fefa231000 	C:\windows\system32\dhcpcsvc6.DLL
0x000007fefa240000 - 0x000007fefa258000 	C:\windows\system32\dhcpcsvc.DLL
0x000000006c160000 - 0x000000006c171000 	C:\Softwares\jdk1.8.0_111\jre\bin\nio.dll
0x0000000070c10000 - 0x0000000070c1d000 	C:\Softwares\jdk1.8.0_111\jre\bin\management.dll
0x000007fefa2b0000 - 0x000007fefa2c5000 	C:\windows\system32\NLAapi.dll
0x000007fefa290000 - 0x000007fefa2a5000 	C:\windows\system32\napinsp.dll
0x000007fefa270000 - 0x000007fefa289000 	C:\windows\system32\pnrpnsp.dll
0x000007fefc220000 - 0x000007fefc27b000 	C:\windows\system32\DNSAPI.dll
0x000007fefa260000 - 0x000007fefa26b000 	C:\windows\System32\winrnr.dll
0x000007fefbe00000 - 0x000007fefbe07000 	C:\windows\System32\wshtcpip.dll
0x000007fefa1b0000 - 0x000007fefa1b8000 	C:\windows\system32\rasadhlp.dll
0x000007fefa1c0000 - 0x000007fefa213000 	C:\windows\System32\fwpuclnt.dll
0x00000000655c0000 - 0x0000000065732000 	C:\Higherscreenswork\WLPProject\lib\jdbc\dblg64\dbjdbc16.dll
0x000000006bdc0000 - 0x000000006bde4000 	C:\Softwares\jdk1.8.0_111\jre\bin\sunec.dll
0x000007fefca70000 - 0x000007fefcac7000 	C:\windows\system32\apphelp.dll

VM Arguments:
jvm_args: -ea 
java_command: org.testng.TestNG @C:\Users\xlma1\AppData\Local\Temp\testng9096751456627833932
java_class_path (initial): C:\Higherscreenswork\WLPProject;C:\Higherscreenswork\WLPProject\bin;C:\Higherscreenswork\WLPProject\src;C:\Higherscreenswork\WLPProject\lib\extentreports\extentreports-2.41.2.jar;C:\Higherscreenswork\WLPProject\lib\extentreports\lib\ant-1.7.0.jar;C:\Higherscreenswork\WLPProject\lib\extentreports\lib\ant-launcher-1.7.0.jar;C:\Higherscreenswork\WLPProject\lib\extentreports\lib\bsh-2.0b4.jar;C:\Higherscreenswork\WLPProject\lib\extentreports\lib\bson-3.0.4.jar;C:\Higherscreenswork\WLPProject\lib\extentreports\lib\freemarker-2.3.23.jar;C:\Higherscreenswork\WLPProject\lib\extentreports\lib\hamcrest-core-1.1.jar;C:\Higherscreenswork\WLPProject\lib\extentreports\lib\jcommander-1.48.jar;C:\Higherscreenswork\WLPProject\lib\extentreports\lib\jsoup-1.8.3.jar;C:\Higherscreenswork\WLPProject\lib\extentreports\lib\junit-4.10.jar;C:\Higherscreenswork\WLPProject\lib\extentreports\lib\mongodb-driver-3.0.4.jar;C:\Higherscreenswork\WLPProject\lib\extentreports\lib\mongodb-driver-core-3.0.4.jar;C:\Higherscreenswork\WLPProject\lib\extentreports\lib\snakeyaml-1.15.jar;C:\Higherscreenswork\WLPProject\lib\extentreports\lib\sqlite-jdbc-3.8.11.1.jar;C:\Higherscreenswork\WLPProject\lib\extentreports\lib\testng-6.9.9.jar;C:\Higherscreenswork\WLPProject\lib\jdbc\jconn3.jar;C:\Higherscreenswork\WLPProject\lib\jdbc\ojdbc6.jar;C:\Higherscreenswork\WLPProject\lib\jdbc\sajdbc4.jar;C:\Higherscreenswork\WLPProject\lib\jdom\jdom-2.0.6-contrib.jar;C:\Higherscreenswork\WLPProject\lib\jdom\jdom-2.0.6-javadoc.jar;C:\Higherscreenswork\WLPProject\lib\jdom\jdom-2.0.6-junit.jar;C:\Higherscreenswork\WLPProject\lib\jdom\jdom-2.0.6-sources.jar;C:\Higherscreenswork\WLPProject\lib\jdom\jdom-2.0.6.jar;C:\Higherscreenswork\WLPProject\lib\log4j2\log4j-api-2.6.1.jar;C:\Higherscreenswork\WLPProject\lib\log4j2\log4j-core-2.6.1.jar;C:\Higherscreenswork\WLPProject\lib\log4j2\log4j-jcl-2.6.1.jar;C:\Higherscreenswork\WLPProject\lib\log4j2\log4j-jul-2.6.1.jar;C:\Higherscreenswork\WLPProject\lib\log
Launcher Type: SUN_STANDARD

Environment Variables:
JAVA_HOME=C:\Softwares\jdk1.8.0_111
PATH=C:\Program Files\Java\jdk1.8.0_111/bin;C:\ProgramData\Oracle\Java\javapath;C:\Program Files (x86)\CA\SC\CAWIN\;C:\windows\system32;C:\windows;C:\windows\System32\Wbem;C:\windows\System32\WindowsPowerShell\v1.0\;C:\Oracle\BIToolsHome_1\jre\1.4.2\bin\;C:\Oracle\BIToolsHome_1\jre\1.4.2\bin\client\;C:\Oracle\BIToolsHome_1\jlib\;C:\Oracle\BIToolsHome_1\bin\;C:\Program Files\Citrix\System32\;C:\Program Files\Citrix\ICAService\;C:\PROGRA~2\CA\SC\CAM\bin;C:\Program Files (x86)\CA\SC\Csam\SockAdapter\bin;C:\Program Files (x86)\CA\SC\CBB\;C:\Program Files (x86)\CA\DSM\bin;C:\Program Files (x86)\CA\SC\DTS\bin\;C:\Program Files\Citrix\Virtual Desktop Agent\;C:\Program Files (x86)\CA\SC\Csam\SockAdapter\bin;C:\Program Files (x86)\CA\SC\Csam\SockAdapter\bin64;C:\windows\System32\WindowsPowerShell\v1.0\;C:\windows\System32\WindowsPowerShell\v1.0\;%ANT_HOME%\bin;%JAVA_HOME%\bin;%ANT_HOME%\bin;%JAVA_HOME%\bin
USERNAME=xlma1
OS=Windows_NT
PROCESSOR_IDENTIFIER=Intel64 Family 6 Model 45 Stepping 2, GenuineIntel



---------------  S Y S T E M  ---------------

OS: Windows 7 , 64 bit Build 7601 (6.1.7601.24354)

CPU:total 2 (1 cores per cpu, 1 threads per core) family 6 model 45 stepping 2, cmov, cx8, fxsr, mmx, sse, sse2, sse3, ssse3, sse4.1, sse4.2, popcnt, avx, aes, clmul, tsc, tscinvbit, tscinv

Memory: 4k page, physical 6291000k(1346692k free), swap 12579528k(4608k free)

vm_info: Java HotSpot(TM) 64-Bit Server VM (25.111-b14) for windows-amd64 JRE (1.8.0_111-b14), built on Sep 22 2016 19:24:05 by "java_re" with MS VC++ 10.0 (VS2010)

time: Fri May 03 03:31:02 2019
elapsed time: 1278 seconds (0d 0h 21m 18s)

