#
# There is insufficient memory for the Java Runtime Environment to continue.
# Native memory allocation (malloc) failed to allocate 250176 bytes for Chunk::new
# Possible reasons:
#   The system is out of physical RAM or swap space
#   In 32 bit mode, the process size limit was hit
# Possible solutions:
#   Reduce memory load on the system
#   Increase physical memory or swap space
#   Check if swap backing store is full
#   Use 64 bit Java on a 64 bit OS
#   Decrease Java heap size (-Xmx/-Xms)
#   Decrease number of Java threads
#   Decrease Java thread stack sizes (-Xss)
#   Set larger code cache with -XX:ReservedCodeCacheSize=
# This output file may be truncated or incomplete.
#
#  Out of Memory Error (allocation.cpp:390), pid=22292, tid=0x000000000000149c
#
# JRE version: Java(TM) SE Runtime Environment (8.0_111-b14) (build 1.8.0_111-b14)
# Java VM: Java HotSpot(TM) 64-Bit Server VM (25.111-b14 mixed mode windows-amd64 compressed oops)
# Failed to write core dump. Minidumps are not enabled by default on client versions of Windows
#

---------------  T H R E A D  ---------------

Current thread (0x0000000015d72800):  JavaThread "C2 CompilerThread0" daemon [_thread_in_native, id=5276, stack(0x0000000016e70000,0x0000000016f70000)]

Stack: [0x0000000016e70000,0x0000000016f70000]
[error occurred during error reporting (printing stack bounds), id 0xc0000005]

Native frames: (J=compiled Java code, j=interpreted, Vv=VM code, C=native code)


Current CompileTask:
C2:   1300  434  s!   4       sun.misc.URLClassPath::getLoader (197 bytes)


---------------  P R O C E S S  ---------------

Java Threads: ( => current thread )
  0x0000000015dce800 JavaThread "Service Thread" daemon [_thread_blocked, id=2308, stack(0x0000000017580000,0x0000000017680000)]
  0x0000000015d78000 JavaThread "C1 CompilerThread1" daemon [_thread_blocked, id=16048, stack(0x0000000017050000,0x0000000017150000)]
=>0x0000000015d72800 JavaThread "C2 CompilerThread0" daemon [_thread_in_native, id=5276, stack(0x0000000016e70000,0x0000000016f70000)]
  0x0000000015d70000 JavaThread "Attach Listener" daemon [_thread_blocked, id=16652, stack(0x0000000016d50000,0x0000000016e50000)]
  0x0000000015d6e800 JavaThread "Signal Dispatcher" daemon [_thread_blocked, id=12472, stack(0x0000000016b30000,0x0000000016c30000)]
  0x0000000015d53800 JavaThread "Finalizer" daemon [_thread_blocked, id=20808, stack(0x0000000016880000,0x0000000016980000)]
  0x0000000015d08000 JavaThread "Reference Handler" daemon [_thread_blocked, id=5804, stack(0x0000000016660000,0x0000000016760000)]
  0x00000000020a3000 JavaThread "main" [_thread_in_native, id=7452, stack(0x0000000002360000,0x0000000002460000)]

Other Threads:
  0x0000000015d02800 VMThread [stack: 0x0000000016760000,0x0000000016860000] [id=10200]
  0x0000000017184000 WatcherThread [stack: 0x0000000016c30000,0x0000000016d30000] [id=12556]

VM state:not at safepoint (normal execution)

VM Mutex/Monitor currently owned by a thread: None

Heap:
 PSYoungGen      total 28672K, used 13611K [0x00000000e0000000, 0x00000000e2000000, 0x0000000100000000)
  eden space 24576K, 55% used [0x00000000e0000000,0x00000000e0d4af40,0x00000000e1800000)
  from space 4096K, 0% used [0x00000000e1c00000,0x00000000e1c00000,0x00000000e2000000)
  to   space 4096K, 0% used [0x00000000e1800000,0x00000000e1800000,0x00000000e1c00000)
 ParOldGen       total 65536K, used 0K [0x00000000a0000000, 0x00000000a4000000, 0x00000000e0000000)
  object space 65536K, 0% used [0x00000000a0000000,0x00000000a0000000,0x00000000a4000000)
 Metaspace       used 7397K, capacity 7498K, committed 7808K, reserved 1056768K
  class space    used 753K, capacity 817K, committed 896K, reserved 1048576K

Card table byte_map: [0x0000000011820000,0x0000000011b30000] byte_map_base: 0x0000000011320000

Marking Bits: (ParMarkBitMap*) 0x000000006591a6c0
 Begin Bits: [0x00000000120d0000, 0x00000000138d0000)
 End Bits:   [0x00000000138d0000, 0x00000000150d0000)

Polling page: 0x0000000001ec0000

CodeCache: size=245760Kb used=2153Kb max_used=2157Kb free=243606Kb
 bounds [0x0000000002460000, 0x00000000026d0000, 0x0000000011460000]
 total_blobs=726 nmethods=436 adapters=203
 compilation: enabled

Compilation events (10 events):
Event: 1.272 Thread 0x0000000015d78000  433   !   3       java.lang.ClassLoader::getPackage (118 bytes)
Event: 1.272 Thread 0x0000000015d72800 nmethod 431 0x000000000267be10 code [0x000000000267bf80, 0x000000000267c348]
Event: 1.272 Thread 0x0000000015d78000 nmethod 433 0x0000000002676690 code [0x0000000002676860, 0x0000000002677368]
Event: 1.274 Thread 0x0000000015d72800  434  s!   4       sun.misc.URLClassPath::getLoader (197 bytes)
Event: 1.280 Thread 0x0000000015d78000  435       3       java.lang.StringCoding::deref (19 bytes)
Event: 1.280 Thread 0x0000000015d78000 nmethod 435 0x000000000267b690 code [0x000000000267b820, 0x000000000267bcc8]
Event: 1.280 Thread 0x0000000015d78000  436       3       java.lang.StringCoding::access$000 (6 bytes)
Event: 1.280 Thread 0x0000000015d78000 nmethod 436 0x00000000026762d0 code [0x0000000002676440, 0x00000000026765f0]
Event: 1.280 Thread 0x0000000015d78000  437       3       java.lang.StringCoding::scale (7 bytes)
Event: 1.280 Thread 0x0000000015d78000 nmethod 437 0x000000000267b350 code [0x000000000267b4a0, 0x000000000267b610]

GC Heap History (0 events):
No events

Deoptimization events (1 events):
Event: 0.756 Thread 0x00000000020a3000 Uncommon trap: reason=unstable_if action=reinterpret pc=0x00000000025e5378 method=java.lang.String.indexOf([CII[CIII)I @ 134

Internal exceptions (8 events):
Event: 0.052 Thread 0x00000000020a3000 Exception <a 'java/lang/NoSuchMethodError': Method sun.misc.Unsafe.defineClass(Ljava/lang/String;[BII)Ljava/lang/Class; name or signature does not match> (0x00000000e0007c78) thrown at [C:\re\workspace\8-2-build-windows-amd64-cygwin\jdk8u111\7883\hotspot\
Event: 0.053 Thread 0x00000000020a3000 Exception <a 'java/lang/NoSuchMethodError': Method sun.misc.Unsafe.prefetchRead(Ljava/lang/Object;J)V name or signature does not match> (0x00000000e0007f60) thrown at [C:\re\workspace\8-2-build-windows-amd64-cygwin\jdk8u111\7883\hotspot\src\share\vm\prims
Event: 0.280 Thread 0x00000000020a3000 Exception <a 'java/security/PrivilegedActionException'> (0x00000000e0277370) thrown at [C:\re\workspace\8-2-build-windows-amd64-cygwin\jdk8u111\7883\hotspot\src\share\vm\prims\jvm.cpp, line 1386]
Event: 0.280 Thread 0x00000000020a3000 Exception <a 'java/security/PrivilegedActionException'> (0x00000000e0277580) thrown at [C:\re\workspace\8-2-build-windows-amd64-cygwin\jdk8u111\7883\hotspot\src\share\vm\prims\jvm.cpp, line 1386]
Event: 0.281 Thread 0x00000000020a3000 Exception <a 'java/security/PrivilegedActionException'> (0x00000000e027ae88) thrown at [C:\re\workspace\8-2-build-windows-amd64-cygwin\jdk8u111\7883\hotspot\src\share\vm\prims\jvm.cpp, line 1386]
Event: 0.281 Thread 0x00000000020a3000 Exception <a 'java/security/PrivilegedActionException'> (0x00000000e027b098) thrown at [C:\re\workspace\8-2-build-windows-amd64-cygwin\jdk8u111\7883\hotspot\src\share\vm\prims\jvm.cpp, line 1386]
Event: 0.641 Thread 0x00000000020a3000 Exception <a 'java/lang/ArrayIndexOutOfBoundsException'> (0x00000000e0668d68) thrown at [C:\re\workspace\8-2-build-windows-amd64-cygwin\jdk8u111\7883\hotspot\src\share\vm\runtime\sharedRuntime.cpp, line 605]
Event: 0.642 Thread 0x00000000020a3000 Exception <a 'java/lang/ArrayIndexOutOfBoundsException'> (0x00000000e0669c70) thrown at [C:\re\workspace\8-2-build-windows-amd64-cygwin\jdk8u111\7883\hotspot\src\share\vm\runtime\sharedRuntime.cpp, line 605]

Events (10 events):
Event: 1.275 loading class org/testng/collections/MultiMap
Event: 1.275 loading class org/testng/collections/MultiMap done
Event: 1.276 loading class org/testng/internal/Dynamic
Event: 1.276 loading class org/testng/internal/Dynamic done
Event: 1.276 loading class bsh/Interpreter
Event: 1.276 loading class bsh/Interpreter done
Event: 1.278 loading class bsh/ConsoleInterface
Event: 1.278 loading class bsh/ConsoleInterface done
Event: 1.279 loading class bsh/UtilEvalError
Event: 1.279 loading class bsh/UtilEvalError done


Dynamic libraries:
0x000000013f4a0000 - 0x000000013f4d7000 	C:\JDK Files\jdk1.8.0_111\jre\bin\java.exe
0x0000000077a70000 - 0x0000000077c0f000 	C:\windows\SYSTEM32\ntdll.dll
0x0000000077850000 - 0x000000007796f000 	C:\windows\system32\kernel32.dll
0x000007fefdbc0000 - 0x000007fefdc2a000 	C:\windows\system32\KERNELBASE.dll
0x000007feffb10000 - 0x000007feffbeb000 	C:\windows\system32\ADVAPI32.dll
0x000007feffbf0000 - 0x000007feffc8f000 	C:\windows\system32\msvcrt.dll
0x000007feff3c0000 - 0x000007feff3df000 	C:\windows\SYSTEM32\sechost.dll
0x000007fefe350000 - 0x000007fefe47d000 	C:\windows\system32\RPCRT4.dll
0x0000000077970000 - 0x0000000077a6a000 	C:\windows\system32\USER32.dll
0x000007fefdf70000 - 0x000007fefdfd7000 	C:\windows\system32\GDI32.dll
0x000007fefe080000 - 0x000007fefe08e000 	C:\windows\system32\LPK.dll
0x000007feffc90000 - 0x000007feffd5b000 	C:\windows\system32\USP10.dll
0x000007fefbe00000 - 0x000007fefbff4000 	C:\windows\WinSxS\amd64_microsoft.windows.common-controls_6595b64144ccf1df_6.0.7601.18837_none_fa3b1e3d17594757\COMCTL32.dll
0x000007feff3e0000 - 0x000007feff451000 	C:\windows\system32\SHLWAPI.dll
0x000007feffae0000 - 0x000007feffb0e000 	C:\windows\system32\IMM32.DLL
0x000007feff510000 - 0x000007feff619000 	C:\windows\system32\MSCTF.dll
0x000007fefd900000 - 0x000007fefd95c000 	c:\progra~1\citrix\system32\mfaphook64.dll
0x000007fefd7e0000 - 0x000007fefd812000 	C:\Program Files\Citrix\ICAService\picaFullScreenHookX64.dll
0x000007fefd6a0000 - 0x000007fefd6d6000 	C:\Program Files\Citrix\ICAService\ShellHook64.dll
0x000007feff8e0000 - 0x000007feffadd000 	C:\windows\system32\ole32.dll
0x000007fefe610000 - 0x000007feff39b000 	C:\windows\system32\SHELL32.dll
0x000007fefd1e0000 - 0x000007fefd358000 	C:\Program Files\Citrix\ICAService\SCardHook64.dll
0x000007fefd150000 - 0x000007fefd17a000 	C:\Program Files\Citrix\ICAService\cxinjime64.dll
0x000007fefd100000 - 0x000007fefd14d000 	C:\Program Files\Citrix\ICAService\PicaWtsHook64.dll
0x0000000071f60000 - 0x0000000072032000 	C:\JDK Files\jdk1.8.0_111\jre\bin\msvcr100.dll
0x0000000065100000 - 0x000000006599a000 	C:\JDK Files\jdk1.8.0_111\jre\bin\server\jvm.dll
0x000007feedb30000 - 0x000007feedb39000 	C:\windows\system32\WSOCK32.dll
0x000007fefddf0000 - 0x000007fefde3d000 	C:\windows\system32\WS2_32.dll
0x000007feff500000 - 0x000007feff508000 	C:\windows\system32\NSI.dll
0x000007fefa610000 - 0x000007fefa64b000 	C:\windows\system32\WINMM.dll
0x000007fefc330000 - 0x000007fefc33c000 	C:\windows\system32\VERSION.dll
0x0000000077c10000 - 0x0000000077c17000 	C:\windows\system32\PSAPI.DLL
0x00000000723b0000 - 0x00000000723bf000 	C:\JDK Files\jdk1.8.0_111\jre\bin\verify.dll
0x0000000072380000 - 0x00000000723a9000 	C:\JDK Files\jdk1.8.0_111\jre\bin\java.dll
0x0000000072360000 - 0x0000000072376000 	C:\JDK Files\jdk1.8.0_111\jre\bin\zip.dll
0x000007fefd960000 - 0x000007fefd96f000 	C:\windows\system32\profapi.dll
0x000007fefca70000 - 0x000007fefca88000 	C:\windows\system32\CRYPTSP.dll
0x000007fefc770000 - 0x000007fefc7b7000 	C:\windows\system32\rsaenh.dll
0x000007fefc510000 - 0x000007fefc52e000 	C:\windows\system32\USERENV.dll
0x000007fefd0d0000 - 0x000007fefd0df000 	C:\windows\system32\CRYPTBASE.dll
0x0000000072340000 - 0x000000007235a000 	C:\JDK Files\jdk1.8.0_111\jre\bin\net.dll
0x000007fefca10000 - 0x000007fefca65000 	C:\windows\system32\mswsock.dll
0x000007fefca00000 - 0x000007fefca07000 	C:\windows\System32\wship6.dll
0x000007fefaf90000 - 0x000007fefafb7000 	C:\windows\system32\IPHLPAPI.DLL
0x000007fefaf30000 - 0x000007fefaf3b000 	C:\windows\system32\WINNSI.DLL
0x000007fef9e90000 - 0x000007fef9ea1000 	C:\windows\system32\dhcpcsvc6.DLL
0x000007fef9e10000 - 0x000007fef9e28000 	C:\windows\system32\dhcpcsvc.DLL
0x0000000072320000 - 0x0000000072331000 	C:\JDK Files\jdk1.8.0_111\jre\bin\nio.dll

VM Arguments:
jvm_args: -ea 
java_command: org.testng.TestNG @C:\Users\xjpn1\AppData\Local\Temp\testng795980448524108785
java_class_path (initial): C:\Users\xjpn1\CLR BAU - Automation Code\R16_PST 1402\Higher level screens\WLPProject;C:\Users\xjpn1\CLR BAU - Automation Code\R16_PST 1402\Higher level screens\WLPProject\bin;C:\Users\xjpn1\CLR BAU - Automation Code\R16_PST 1402\Higher level screens\WLPProject\src;C:\Users\xjpn1\CLR BAU - Automation Code\R16_PST 1402\Higher level screens\WLPProject\lib\extentreports\extentreports-2.41.2.jar;C:\Users\xjpn1\CLR BAU - Automation Code\R16_PST 1402\Higher level screens\WLPProject\lib\extentreports\lib\ant-1.7.0.jar;C:\Users\xjpn1\CLR BAU - Automation Code\R16_PST 1402\Higher level screens\WLPProject\lib\extentreports\lib\ant-launcher-1.7.0.jar;C:\Users\xjpn1\CLR BAU - Automation Code\R16_PST 1402\Higher level screens\WLPProject\lib\extentreports\lib\bsh-2.0b4.jar;C:\Users\xjpn1\CLR BAU - Automation Code\R16_PST 1402\Higher level screens\WLPProject\lib\extentreports\lib\bson-3.0.4.jar;C:\Users\xjpn1\CLR BAU - Automation Code\R16_PST 1402\Higher level screens\WLPProject\lib\extentreports\lib\freemarker-2.3.23.jar;C:\Users\xjpn1\CLR BAU - Automation Code\R16_PST 1402\Higher level screens\WLPProject\lib\extentreports\lib\hamcrest-core-1.1.jar;C:\Users\xjpn1\CLR BAU - Automation Code\R16_PST 1402\Higher level screens\WLPProject\lib\extentreports\lib\jcommander-1.48.jar;C:\Users\xjpn1\CLR BAU - Automation Code\R16_PST 1402\Higher level screens\WLPProject\lib\extentreports\lib\jsoup-1.8.3.jar;C:\Users\xjpn1\CLR BAU - Automation Code\R16_PST 1402\Higher level screens\WLPProject\lib\extentreports\lib\junit-4.10.jar;C:\Users\xjpn1\CLR BAU - Automation Code\R16_PST 1402\Higher level screens\WLPProject\lib\extentreports\lib\mongodb-driver-3.0.4.jar;C:\Users\xjpn1\CLR BAU - Automation Code\R16_PST 1402\Higher level screens\WLPProject\lib\extentreports\lib\mongodb-driver-core-3.0.4.jar;C:\Users\xjpn1\CLR BAU - Automation Code\R16_PST 1402\Higher level screens\WLPProject\lib\extentreports\lib\snakeyaml-1.15.jar;C:\Users\xjpn1\CLR BAU - Automation Code\R16_
Launcher Type: SUN_STANDARD

Environment Variables:
JAVA_HOME=C:\JDK Files\jdk1.8.0_111
PATH=C:\Program Files\Java\jdk1.8.0_111/bin;C:\ProgramData\Oracle\Java\javapath;C:\Program Files\Java\jre1.8.0_101\bin;C:\Program Files\Java\jre1.8.0_101\bin;%ANT_HOME%\bin;%JAVA_HOME%\bin;%ANT_HOME%\bin;%JAVA_HOME%\bin
USERNAME=xjpn1
OS=Windows_NT
PROCESSOR_IDENTIFIER=Intel64 Family 6 Model 45 Stepping 2, GenuineIntel



---------------  S Y S T E M  ---------------

OS: Windows 7 , 64 bit Build 7601 (6.1.7601.24214)

CPU:total 2 (1 cores per cpu, 1 threads per core) family 6 model 45 stepping 2, cmov, cx8, fxsr, mmx, sse, sse2, sse3, ssse3, sse4.1, sse4.2, popcnt, avx, aes, clmul, tsc, tscinvbit, tscinv

Memory: 4k page, physical 6291000k(554364k free), swap 12579532k(5120k free)

vm_info: Java HotSpot(TM) 64-Bit Server VM (25.111-b14) for windows-amd64 JRE (1.8.0_111-b14), built on Sep 22 2016 19:24:05 by "java_re" with MS VC++ 10.0 (VS2010)

time: Fri Jul 26 07:39:42 2019
elapsed time: 1 seconds (0d 0h 0m 1s)

