#
# There is insufficient memory for the Java Runtime Environment to continue.
# Native memory allocation (malloc) failed to allocate 1011216 bytes for Chunk::new
# Possible reasons:
#   The system is out of physical RAM or swap space
#   In 32 bit mode, the process size limit was hit
# Possible solutions:
#   Reduce memory load on the system
#   Increase physical memory or swap space
#   Check if swap backing store is full
#   Use 64 bit Java on a 64 bit OS
#   Decrease Java heap size (-Xmx/-Xms)
#   Decrease number of Java threads
#   Decrease Java thread stack sizes (-Xss)
#   Set larger code cache with -XX:ReservedCodeCacheSize=
# This output file may be truncated or incomplete.
#
#  Out of Memory Error (allocation.cpp:390), pid=15592, tid=0x000000000000250c
#
# JRE version: Java(TM) SE Runtime Environment (8.0_111-b14) (build 1.8.0_111-b14)
# Java VM: Java HotSpot(TM) 64-Bit Server VM (25.111-b14 mixed mode windows-amd64 compressed oops)
# Failed to write core dump. Minidumps are not enabled by default on client versions of Windows
#

---------------  T H R E A D  ---------------

Current thread (0x0000000015c43000):  JavaThread "C2 CompilerThread0" daemon [_thread_in_native, id=9484, stack(0x0000000016c30000,0x0000000016d30000)]

Stack: [0x0000000016c30000,0x0000000016d30000]
[error occurred during error reporting (printing stack bounds), id 0xc0000005]

Native frames: (J=compiled Java code, j=interpreted, Vv=VM code, C=native code)


Current CompileTask:
C2:21706205 6807       4       java.net.URLClassLoader$1::run (5 bytes)


---------------  P R O C E S S  ---------------

Java Threads: ( => current thread )
  0x0000000018e40800 JavaThread "UrlChecker-19" daemon [_thread_blocked, id=16392, stack(0x00000000214e0000,0x00000000215e0000)]
  0x0000000019040000 JavaThread "Exec Stream Pumper" daemon [_thread_in_native, id=13300, stack(0x0000000020f90000,0x0000000021090000)]
  0x0000000018afb800 JavaThread "Exec Stream Pumper" daemon [_thread_in_native, id=18132, stack(0x0000000021820000,0x0000000021920000)]
  0x0000000018e3e800 JavaThread "Exec Default Executor" daemon [_thread_in_native, id=12488, stack(0x0000000020340000,0x0000000020440000)]
  0x00000000191c6000 JavaThread "Forwarding quit on session null to remote" [_thread_in_vm, id=17740, stack(0x0000000020790000,0x0000000020890000)]
  0x0000000018e40000 JavaThread "Exec Stream Pumper" daemon [_thread_in_native, id=10248, stack(0x0000000021610000,0x0000000021710000)]
  0x0000000018e3f000 JavaThread "Exec Stream Pumper" daemon [_thread_in_native, id=3016, stack(0x00000000213b0000,0x00000000214b0000)]
  0x0000000018e3c000 JavaThread "Exec Default Executor" daemon [_thread_in_native, id=6672, stack(0x000000001f910000,0x000000001fa10000)]
  0x0000000018e3d800 JavaThread "Exec Stream Pumper" daemon [_thread_in_native, id=16024, stack(0x00000000211c0000,0x00000000212c0000)]
  0x0000000018e3d000 JavaThread "Exec Stream Pumper" daemon [_thread_in_native, id=16588, stack(0x00000000210b0000,0x00000000211b0000)]
  0x0000000018e3b800 JavaThread "Exec Default Executor" daemon [_thread_in_native, id=10512, stack(0x0000000020580000,0x0000000020680000)]
  0x0000000018e3a800 JavaThread "Exec Stream Pumper" daemon [_thread_in_native, id=13268, stack(0x0000000020e60000,0x0000000020f60000)]
  0x0000000018e3a000 JavaThread "Exec Stream Pumper" daemon [_thread_in_native, id=3556, stack(0x0000000020c80000,0x0000000020d80000)]
  0x0000000018af9800 JavaThread "Exec Default Executor" daemon [_thread_in_native, id=17564, stack(0x0000000020210000,0x0000000020310000)]
  0x0000000018afb000 JavaThread "Exec Stream Pumper" daemon [_thread_in_native, id=18296, stack(0x0000000020a40000,0x0000000020b40000)]
  0x0000000018afa000 JavaThread "Exec Stream Pumper" daemon [_thread_in_native, id=13916, stack(0x00000000208b0000,0x00000000209b0000)]
  0x0000000018af5000 JavaThread "Exec Default Executor" daemon [_thread_in_native, id=13904, stack(0x00000000200c0000,0x00000000201c0000)]
  0x0000000018af8800 JavaThread "Exec Stream Pumper" daemon [_thread_in_native, id=13004, stack(0x000000001f580000,0x000000001f680000)]
  0x0000000018af8000 JavaThread "Exec Stream Pumper" daemon [_thread_in_native, id=16692, stack(0x0000000020450000,0x0000000020550000)]
  0x0000000018af7000 JavaThread "Exec Default Executor" daemon [_thread_in_native, id=8104, stack(0x000000001f6c0000,0x000000001f7c0000)]
  0x0000000018af6800 JavaThread "Exec Stream Pumper" daemon [_thread_in_native, id=11448, stack(0x000000001e0b0000,0x000000001e1b0000)]
  0x0000000018af5800 JavaThread "Exec Stream Pumper" daemon [_thread_in_native, id=6300, stack(0x000000001fee0000,0x000000001ffe0000)]
  0x0000000019360800 JavaThread "Exec Default Executor" daemon [_thread_in_native, id=16168, stack(0x000000001e1f0000,0x000000001e2f0000)]
  0x0000000018e38800 JavaThread "Exec Stream Pumper" daemon [_thread_in_native, id=15720, stack(0x000000001fdc0000,0x000000001fec0000)]
  0x0000000019361800 JavaThread "Exec Stream Pumper" daemon [_thread_in_native, id=9156, stack(0x000000001f370000,0x000000001f470000)]
  0x000000001935e800 JavaThread "Exec Default Executor" daemon [_thread_in_native, id=13656, stack(0x000000001d7a0000,0x000000001d8a0000)]
  0x0000000019360000 JavaThread "Exec Stream Pumper" daemon [_thread_in_native, id=13780, stack(0x000000001fbf0000,0x000000001fcf0000)]
  0x000000001935f000 JavaThread "Exec Stream Pumper" daemon [_thread_in_native, id=14520, stack(0x000000001fa10000,0x000000001fb10000)]
  0x000000001935b800 JavaThread "Exec Default Executor" daemon [_thread_in_native, id=17328, stack(0x000000001f810000,0x000000001f910000)]
  0x000000001935d800 JavaThread "Exec Stream Pumper" daemon [_thread_in_native, id=14892, stack(0x000000001ef80000,0x000000001f080000)]
  0x000000001935d000 JavaThread "Exec Stream Pumper" daemon [_thread_in_native, id=15956, stack(0x000000001f470000,0x000000001f570000)]
  0x000000001935c000 JavaThread "Exec Default Executor" daemon [_thread_in_native, id=17612, stack(0x000000001e480000,0x000000001e580000)]
  0x000000001935a800 JavaThread "Exec Stream Pumper" daemon [_thread_in_native, id=16444, stack(0x000000001f260000,0x000000001f360000)]
  0x0000000018e32000 JavaThread "Exec Stream Pumper" daemon [_thread_in_native, id=2704, stack(0x000000001f080000,0x000000001f180000)]
  0x0000000018e34000 JavaThread "Exec Default Executor" daemon [_thread_in_native, id=14408, stack(0x000000001e810000,0x000000001e910000)]
  0x0000000018e38000 JavaThread "Exec Stream Pumper" daemon [_thread_in_native, id=13716, stack(0x000000001ee30000,0x000000001ef30000)]
  0x0000000018e37000 JavaThread "Exec Stream Pumper" daemon [_thread_in_native, id=14036, stack(0x000000001ec40000,0x000000001ed40000)]
  0x0000000018e36800 JavaThread "Exec Default Executor" daemon [_thread_in_native, id=10904, stack(0x000000001ea60000,0x000000001eb60000)]
  0x0000000018e35800 JavaThread "Exec Stream Pumper" daemon [_thread_in_native, id=15656, stack(0x000000001e930000,0x000000001ea30000)]
  0x0000000018e35000 JavaThread "Exec Stream Pumper" daemon [_thread_in_native, id=13232, stack(0x000000001e6c0000,0x000000001e7c0000)]
  0x00000000191cb000 JavaThread "Exec Default Executor" daemon [_thread_in_native, id=11648, stack(0x000000001db40000,0x000000001dc40000)]
  0x0000000018e33800 JavaThread "Exec Stream Pumper" daemon [_thread_in_native, id=15912, stack(0x000000001e5a0000,0x000000001e6a0000)]
  0x0000000018e32800 JavaThread "Exec Stream Pumper" daemon [_thread_in_native, id=15516, stack(0x000000001e350000,0x000000001e450000)]
  0x00000000191c9800 JavaThread "Exec Default Executor" daemon [_thread_in_native, id=4100, stack(0x000000001dcb0000,0x000000001ddb0000)]
  0x00000000191cc800 JavaThread "Exec Stream Pumper" daemon [_thread_in_native, id=11860, stack(0x000000001df60000,0x000000001e060000)]
  0x00000000191cc000 JavaThread "Exec Stream Pumper" daemon [_thread_in_native, id=13428, stack(0x000000001de00000,0x000000001df00000)]
  0x00000000191ca800 JavaThread "Exec Default Executor" daemon [_thread_in_native, id=13060, stack(0x000000001a990000,0x000000001aa90000)]
  0x00000000191c9000 JavaThread "Exec Stream Pumper" daemon [_thread_in_native, id=16188, stack(0x000000001d970000,0x000000001da70000)]
  0x00000000191c8000 JavaThread "Exec Stream Pumper" daemon [_thread_in_native, id=8256, stack(0x0000000019b30000,0x0000000019c30000)]
  0x00000000191c6800 JavaThread "Exec Default Executor" daemon [_thread_in_native, id=15776, stack(0x000000001d480000,0x000000001d580000)]
  0x0000000019294000 JavaThread "AWT-Windows" daemon [_thread_in_native, id=17896, stack(0x0000000018550000,0x0000000018650000)]
  0x00000000190c7800 JavaThread "Java2D Disposer" daemon [_thread_blocked, id=15196, stack(0x000000001b330000,0x000000001b430000)]
  0x0000000017176800 JavaThread "Exec Stream Pumper" daemon [_thread_in_native, id=6668, stack(0x000000001a860000,0x000000001a960000)]
  0x0000000018dad000 JavaThread "Exec Stream Pumper" daemon [_thread_in_native, id=3136, stack(0x000000001a6b0000,0x000000001a7b0000)]
  0x0000000018d7c000 JavaThread "Exec Default Executor" daemon [_thread_in_native, id=12572, stack(0x000000001a300000,0x000000001a400000)]
  0x0000000015c9f800 JavaThread "Service Thread" daemon [_thread_blocked, id=10692, stack(0x0000000017540000,0x0000000017640000)]
  0x0000000015c48000 JavaThread "C1 CompilerThread1" daemon [_thread_blocked, id=16428, stack(0x0000000016fa0000,0x00000000170a0000)]
=>0x0000000015c43000 JavaThread "C2 CompilerThread0" daemon [_thread_in_native, id=9484, stack(0x0000000016c30000,0x0000000016d30000)]
  0x0000000015c41800 JavaThread "Attach Listener" daemon [_thread_blocked, id=11252, stack(0x0000000016d60000,0x0000000016e60000)]
  0x0000000015c3f000 JavaThread "Signal Dispatcher" daemon [_thread_blocked, id=16376, stack(0x0000000016aa0000,0x0000000016ba0000)]
  0x0000000015c22000 JavaThread "Finalizer" daemon [_thread_blocked, id=12652, stack(0x0000000016810000,0x0000000016910000)]
  0x0000000015bd8800 JavaThread "Reference Handler" daemon [_thread_blocked, id=5732, stack(0x0000000016920000,0x0000000016a20000)]
  0x00000000020d2000 JavaThread "main" [_thread_blocked, id=11100, stack(0x00000000023d0000,0x00000000024d0000)]

Other Threads:
  0x0000000015bd0800 VMThread [stack: 0x00000000166b0000,0x00000000167b0000] [id=7596]
  0x00000000170d2000 WatcherThread [stack: 0x00000000177c0000,0x00000000178c0000] [id=17488]

VM state:not at safepoint (normal execution)

VM Mutex/Monitor currently owned by a thread: None

Heap:
 PSYoungGen      total 107008K, used 89890K [0x00000000e0000000, 0x00000000e7300000, 0x0000000100000000)
  eden space 97792K, 89% used [0x00000000e0000000,0x00000000e54febe8,0x00000000e5f80000)
  from space 9216K, 30% used [0x00000000e5f80000,0x00000000e624a000,0x00000000e6880000)
  to   space 9216K, 0% used [0x00000000e6a00000,0x00000000e6a00000,0x00000000e7300000)
 ParOldGen       total 167424K, used 80463K [0x00000000a0000000, 0x00000000aa380000, 0x00000000e0000000)
  object space 167424K, 48% used [0x00000000a0000000,0x00000000a4e93ef8,0x00000000aa380000)
 Metaspace       used 33709K, capacity 34212K, committed 34432K, reserved 1079296K
  class space    used 3712K, capacity 3868K, committed 3968K, reserved 1048576K

Card table byte_map: [0x0000000011890000,0x0000000011ba0000] byte_map_base: 0x0000000011390000

Marking Bits: (ParMarkBitMap*) 0x000000006064a6c0
 Begin Bits: [0x0000000011fa0000, 0x00000000137a0000)
 End Bits:   [0x00000000137a0000, 0x0000000014fa0000)

Polling page: 0x0000000001fc0000

CodeCache: size=245760Kb used=19139Kb max_used=19143Kb free=226620Kb
 bounds [0x00000000024d0000, 0x00000000037b0000, 0x00000000114d0000]
 total_blobs=5774 nmethods=5194 adapters=491
 compilation: enabled

Compilation events (10 events):
Event: 21705.837 Thread 0x0000000015c48000 6814       3       sun.misc.ProxyGenerator$MethodInfo::write (283 bytes)
Event: 21705.841 Thread 0x0000000015c48000 nmethod 6814 0x00000000037a5f90 code [0x00000000037a6600, 0x00000000037ab448]
Event: 21705.851 Thread 0x0000000015c48000 6810       3       sun.misc.ProxyGenerator::code_ipush (90 bytes)
Event: 21705.851 Thread 0x0000000015c48000 nmethod 6810 0x00000000026b3310 code [0x00000000026b3560, 0x00000000026b45c8]
Event: 21705.862 Thread 0x0000000015c48000 6812       3       sun.misc.ProxyGenerator::codeClassForName (41 bytes)
Event: 21705.863 Thread 0x0000000015c48000 nmethod 6812 0x0000000002679410 code [0x0000000002679760, 0x000000000267ae38]
Event: 21705.866 Thread 0x0000000015c48000 6813  s    3       java.io.ByteArrayOutputStream::writeTo (14 bytes)
Event: 21705.866 Thread 0x0000000015c48000 nmethod 6813 0x000000000378fa10 code [0x000000000378fb80, 0x000000000378ff08]
Event: 21705.872 Thread 0x0000000015c48000 6811       3       sun.misc.ProxyGenerator$PrimitiveTypeInfo::get (13 bytes)
Event: 21705.872 Thread 0x0000000015c48000 nmethod 6811 0x0000000002fd8290 code [0x0000000002fd8400, 0x0000000002fd8708]

GC Heap History (10 events):
Event: 10125.821 GC heap before
{Heap before GC invocations=892 (full 3):
 PSYoungGen      total 102912K, used 100132K [0x00000000e0000000, 0x00000000e6d80000, 0x0000000100000000)
  eden space 94208K, 100% used [0x00000000e0000000,0x00000000e5c00000,0x00000000e5c00000)
  from space 8704K, 68% used [0x00000000e6480000,0x00000000e6a493d0,0x00000000e6d00000)
  to   space 8704K, 0% used [0x00000000e5c00000,0x00000000e5c00000,0x00000000e6480000)
 ParOldGen       total 167424K, used 79323K [0x00000000a0000000, 0x00000000aa380000, 0x00000000e0000000)
  object space 167424K, 47% used [0x00000000a0000000,0x00000000a4d76e60,0x00000000aa380000)
 Metaspace       used 32921K, capacity 33322K, committed 33536K, reserved 1079296K
  class space    used 3630K, capacity 3731K, committed 3840K, reserved 1048576K
Event: 10125.824 GC heap after
Heap after GC invocations=892 (full 3):
 PSYoungGen      total 102912K, used 2644K [0x00000000e0000000, 0x00000000e6f80000, 0x0000000100000000)
  eden space 94208K, 0% used [0x00000000e0000000,0x00000000e0000000,0x00000000e5c00000)
  from space 8704K, 30% used [0x00000000e5c00000,0x00000000e5e95320,0x00000000e6480000)
  to   space 8704K, 0% used [0x00000000e6700000,0x00000000e6700000,0x00000000e6f80000)
 ParOldGen       total 167424K, used 79475K [0x00000000a0000000, 0x00000000aa380000, 0x00000000e0000000)
  object space 167424K, 47% used [0x00000000a0000000,0x00000000a4d9cf00,0x00000000aa380000)
 Metaspace       used 32921K, capacity 33322K, committed 33536K, reserved 1079296K
  class space    used 3630K, capacity 3731K, committed 3840K, reserved 1048576K
}
Event: 10130.050 GC heap before
{Heap before GC invocations=893 (full 3):
 PSYoungGen      total 102912K, used 96852K [0x00000000e0000000, 0x00000000e6f80000, 0x0000000100000000)
  eden space 94208K, 100% used [0x00000000e0000000,0x00000000e5c00000,0x00000000e5c00000)
  from space 8704K, 30% used [0x00000000e5c00000,0x00000000e5e95320,0x00000000e6480000)
  to   space 8704K, 0% used [0x00000000e6700000,0x00000000e6700000,0x00000000e6f80000)
 ParOldGen       total 167424K, used 79475K [0x00000000a0000000, 0x00000000aa380000, 0x00000000e0000000)
  object space 167424K, 47% used [0x00000000a0000000,0x00000000a4d9cf00,0x00000000aa380000)
 Metaspace       used 32921K, capacity 33322K, committed 33536K, reserved 1079296K
  class space    used 3630K, capacity 3731K, committed 3840K, reserved 1048576K
Event: 10130.055 GC heap after
Heap after GC invocations=893 (full 3):
 PSYoungGen      total 104448K, used 8065K [0x00000000e0000000, 0x00000000e7180000, 0x0000000100000000)
  eden space 95744K, 0% used [0x00000000e0000000,0x00000000e0000000,0x00000000e5d80000)
  from space 8704K, 92% used [0x00000000e6700000,0x00000000e6ee04d0,0x00000000e6f80000)
  to   space 9728K, 0% used [0x00000000e5d80000,0x00000000e5d80000,0x00000000e6700000)
 ParOldGen       total 167424K, used 80319K [0x00000000a0000000, 0x00000000aa380000, 0x00000000e0000000)
  object space 167424K, 47% used [0x00000000a0000000,0x00000000a4e6fef8,0x00000000aa380000)
 Metaspace       used 32921K, capacity 33322K, committed 33536K, reserved 1079296K
  class space    used 3630K, capacity 3731K, committed 3840K, reserved 1048576K
}
Event: 10132.141 GC heap before
{Heap before GC invocations=894 (full 3):
 PSYoungGen      total 104448K, used 100770K [0x00000000e0000000, 0x00000000e7180000, 0x0000000100000000)
  eden space 95744K, 96% used [0x00000000e0000000,0x00000000e5a886e0,0x00000000e5d80000)
  from space 8704K, 92% used [0x00000000e6700000,0x00000000e6ee04d0,0x00000000e6f80000)
  to   space 9728K, 0% used [0x00000000e5d80000,0x00000000e5d80000,0x00000000e6700000)
 ParOldGen       total 167424K, used 80319K [0x00000000a0000000, 0x00000000aa380000, 0x00000000e0000000)
  object space 167424K, 47% used [0x00000000a0000000,0x00000000a4e6fef8,0x00000000aa380000)
 Metaspace       used 32921K, capacity 33322K, committed 33536K, reserved 1079296K
  class space    used 3630K, capacity 3731K, committed 3840K, reserved 1048576K
Event: 10132.144 GC heap after
Heap after GC invocations=894 (full 3):
 PSYoungGen      total 105472K, used 1842K [0x00000000e0000000, 0x00000000e7300000, 0x0000000100000000)
  eden space 95744K, 0% used [0x00000000e0000000,0x00000000e0000000,0x00000000e5d80000)
  from space 9728K, 18% used [0x00000000e5d80000,0x00000000e5f4c9e0,0x00000000e6700000)
  to   space 9728K, 0% used [0x00000000e6980000,0x00000000e6980000,0x00000000e7300000)
 ParOldGen       total 167424K, used 80359K [0x00000000a0000000, 0x00000000aa380000, 0x00000000e0000000)
  object space 167424K, 47% used [0x00000000a0000000,0x00000000a4e79ef8,0x00000000aa380000)
 Metaspace       used 32921K, capacity 33322K, committed 33536K, reserved 1079296K
  class space    used 3630K, capacity 3731K, committed 3840K, reserved 1048576K
}
Event: 10354.428 GC heap before
{Heap before GC invocations=895 (full 3):
 PSYoungGen      total 105472K, used 96446K [0x00000000e0000000, 0x00000000e7300000, 0x0000000100000000)
  eden space 95744K, 98% used [0x00000000e0000000,0x00000000e5c62f40,0x00000000e5d80000)
  from space 9728K, 18% used [0x00000000e5d80000,0x00000000e5f4c9e0,0x00000000e6700000)
  to   space 9728K, 0% used [0x00000000e6980000,0x00000000e6980000,0x00000000e7300000)
 ParOldGen       total 167424K, used 80359K [0x00000000a0000000, 0x00000000aa380000, 0x00000000e0000000)
  object space 167424K, 47% used [0x00000000a0000000,0x00000000a4e79ef8,0x00000000aa380000)
 Metaspace       used 32939K, capacity 33398K, committed 33792K, reserved 1079296K
  class space    used 3631K, capacity 3733K, committed 3840K, reserved 1048576K
Event: 10354.436 GC heap after
Heap after GC invocations=895 (full 3):
 PSYoungGen      total 105984K, used 2928K [0x00000000e0000000, 0x00000000e7180000, 0x0000000100000000)
  eden space 97792K, 0% used [0x00000000e0000000,0x00000000e0000000,0x00000000e5f80000)
  from space 8192K, 35% used [0x00000000e6980000,0x00000000e6c5c360,0x00000000e7180000)
  to   space 9216K, 0% used [0x00000000e5f80000,0x00000000e5f80000,0x00000000e6880000)
 ParOldGen       total 167424K, used 80399K [0x00000000a0000000, 0x00000000aa380000, 0x00000000e0000000)
  object space 167424K, 48% used [0x00000000a0000000,0x00000000a4e83ef8,0x00000000aa380000)
 Metaspace       used 32939K, capacity 33398K, committed 33792K, reserved 1079296K
  class space    used 3631K, capacity 3733K, committed 3840K, reserved 1048576K
}
Event: 10462.437 GC heap before
{Heap before GC invocations=896 (full 3):
 PSYoungGen      total 105984K, used 100720K [0x00000000e0000000, 0x00000000e7180000, 0x0000000100000000)
  eden space 97792K, 100% used [0x00000000e0000000,0x00000000e5f80000,0x00000000e5f80000)
  from space 8192K, 35% used [0x00000000e6980000,0x00000000e6c5c360,0x00000000e7180000)
  to   space 9216K, 0% used [0x00000000e5f80000,0x00000000e5f80000,0x00000000e6880000)
 ParOldGen       total 167424K, used 80399K [0x00000000a0000000, 0x00000000aa380000, 0x00000000e0000000)
  object space 167424K, 48% used [0x00000000a0000000,0x00000000a4e83ef8,0x00000000aa380000)
 Metaspace       used 32941K, capacity 33398K, committed 33792K, reserved 1079296K
  class space    used 3631K, capacity 3733K, committed 3840K, reserved 1048576K
Event: 10462.443 GC heap after
Heap after GC invocations=896 (full 3):
 PSYoungGen      total 107008K, used 2856K [0x00000000e0000000, 0x00000000e7300000, 0x0000000100000000)
  eden space 97792K, 0% used [0x00000000e0000000,0x00000000e0000000,0x00000000e5f80000)
  from space 9216K, 30% used [0x00000000e5f80000,0x00000000e624a000,0x00000000e6880000)
  to   space 9216K, 0% used [0x00000000e6a00000,0x00000000e6a00000,0x00000000e7300000)
 ParOldGen       total 167424K, used 80463K [0x00000000a0000000, 0x00000000aa380000, 0x00000000e0000000)
  object space 167424K, 48% used [0x00000000a0000000,0x00000000a4e93ef8,0x00000000aa380000)
 Metaspace       used 32941K, capacity 33398K, committed 33792K, reserved 1079296K
  class space    used 3631K, capacity 3733K, committed 3840K, reserved 1048576K
}

Deoptimization events (10 events):
Event: 10902.396 Thread 0x00000000191c6000 Uncommon trap: reason=unstable_if action=reinterpret pc=0x0000000002a33bc8 method=sun.util.calendar.BaseCalendar.getFixedDate(IIILsun/util/calendar/BaseCalendar$Date;)J @ 33
Event: 10902.396 Thread 0x00000000191c6000 Uncommon trap: reason=unstable_if action=reinterpret pc=0x0000000003208c24 method=java.util.Calendar.complete()V @ 4
Event: 21704.132 Thread 0x00000000191c6000 Uncommon trap: reason=unstable_if action=reinterpret pc=0x00000000032f48e8 method=org.apache.http.impl.conn.PoolingHttpClientConnectionManager.releaseConnection(Lorg/apache/http/HttpClientConnection;Ljava/lang/Object;JLjava/util/concurrent/TimeUnit;)V @ 4
Event: 21704.135 Thread 0x00000000191c6000 Uncommon trap: reason=unstable_if action=reinterpret pc=0x0000000002f3ee18 method=org.apache.http.impl.BHttpConnectionBase.isOpen()Z @ 7
Event: 21704.136 Thread 0x00000000191c6000 Uncommon trap: reason=unstable_if action=reinterpret pc=0x000000000346fc50 method=org.apache.http.pool.RouteSpecificPool.free(Lorg/apache/http/pool/PoolEntry;Z)V @ 26
Event: 21704.168 Thread 0x00000000191c6000 Uncommon trap: reason=unloaded action=reinterpret pc=0x000000000347e3f0 method=org.openqa.selenium.remote.service.DriverCommandExecutor.execute(Lorg/openqa/selenium/remote/Command;)Lorg/openqa/selenium/remote/Response; @ 99
Event: 21704.200 Thread 0x00000000191c6000 Uncommon trap: reason=unloaded action=reinterpret pc=0x00000000033afb2c method=org.openqa.selenium.remote.RemoteWebDriver.execute(Ljava/lang/String;Ljava/util/Map;)Lorg/openqa/selenium/remote/Response; @ 180
Event: 21704.379 Thread 0x0000000018e40800 Uncommon trap: reason=unstable_if action=reinterpret pc=0x0000000002ae82ac method=java.util.HashMap.removeNode(ILjava/lang/Object;Ljava/lang/Object;ZZ)Ljava/util/HashMap$Node; @ 58
Event: 21705.860 Thread 0x00000000191c6000 Uncommon trap: reason=unstable_if action=reinterpret pc=0x0000000002b5f8d0 method=java.lang.Boolean.equals(Ljava/lang/Object;)Z @ 18
Event: 21705.921 Thread 0x0000000019041800 Uncommon trap: reason=unstable_if action=reinterpret pc=0x00000000033ec018 method=java.io.BufferedInputStream.read1([BII)I @ 60

Internal exceptions (10 events):
Event: 10598.444 Thread 0x00000000191c6000 Exception <a 'java/net/SocketTimeoutException': Read timed out> (0x00000000e3d5f6b8) thrown at [C:\re\workspace\8-2-build-windows-amd64-cygwin\jdk8u111\7883\hotspot\src\share\vm\prims\jni.cpp, line 735]
Event: 10598.814 Thread 0x00000000191c6000 Implicit null exception at 0x00000000036bb44c to 0x00000000036bb7c7
Event: 10598.814 Thread 0x00000000191c6000 Exception <a 'java/lang/NullPointerException'> (0x00000000e3d6dc20) thrown at [C:\re\workspace\8-2-build-windows-amd64-cygwin\jdk8u111\7883\hotspot\src\share\vm\runtime\sharedRuntime.cpp, line 605]
Event: 10599.512 Thread 0x0000000018e3e800 Exception <a 'java/net/SocketTimeoutException': connect timed out> (0x00000000e438ea18) thrown at [C:\re\workspace\8-2-build-windows-amd64-cygwin\jdk8u111\7883\hotspot\src\share\vm\prims\jni.cpp, line 735]
Event: 10602.020 Thread 0x00000000191c6000 Exception <a 'java/net/SocketTimeoutException': Read timed out> (0x00000000e4633168) thrown at [C:\re\workspace\8-2-build-windows-amd64-cygwin\jdk8u111\7883\hotspot\src\share\vm\prims\jni.cpp, line 735]
Event: 10902.394 Thread 0x00000000191c6000 Exception <a 'java/lang/reflect/InvocationTargetException'> (0x00000000e4650a60) thrown at [C:\re\workspace\8-2-build-windows-amd64-cygwin\jdk8u111\7883\hotspot\src\share\vm\runtime\reflection.cpp, line 1092]
Event: 10903.981 Thread 0x0000000018e40800 Exception <a 'java/net/SocketTimeoutException': connect timed out> (0x00000000e4889600) thrown at [C:\re\workspace\8-2-build-windows-amd64-cygwin\jdk8u111\7883\hotspot\src\share\vm\prims\jni.cpp, line 735]
Event: 21704.034 Thread 0x00000000191c6000 Exception <a 'java/net/SocketTimeoutException': Read timed out> (0x00000000e4874010) thrown at [C:\re\workspace\8-2-build-windows-amd64-cygwin\jdk8u111\7883\hotspot\src\share\vm\prims\jni.cpp, line 735]
Event: 21705.401 Thread 0x0000000018e40800 Exception <a 'java/net/SocketTimeoutException': Read timed out> (0x00000000e4d0a1a0) thrown at [C:\re\workspace\8-2-build-windows-amd64-cygwin\jdk8u111\7883\hotspot\src\share\vm\prims\jni.cpp, line 735]
Event: 21705.865 Thread 0x00000000191c6000 Exception <a 'java/lang/UnsatisfiedLinkError': The specified procedure could not be found.
> (0x00000000e52a0630) thrown at [C:\re\workspace\8-2-build-windows-amd64-cygwin\jdk8u111\7883\hotspot\src\share\vm\prims\jni.cpp, line 735]

Events (10 events):
Event: 21705.919 Thread 0x0000000019042800 Thread exited: 0x0000000019042800
Event: 21705.921 Thread 0x0000000019041800 Uncommon trap: trap_request=0xffffff65 fr.pc=0x00000000033ec018
Event: 21705.921 Executing VM operation: RevokeBias
Event: 21705.921 Executing VM operation: RevokeBias done
Event: 21705.921 Thread 0x0000000019041800 DEOPT PACKING pc=0x00000000033ec018 sp=0x0000000021a4ee50
Event: 21705.921 Thread 0x0000000019041800 DEOPT UNPACKING pc=0x000000000251582a sp=0x0000000021a4edf0 mode 2
Event: 21705.921 Thread 0x0000000019041800 Thread exited: 0x0000000019041800
Event: 21705.922 Executing VM operation: RevokeBias
Event: 21705.922 Executing VM operation: RevokeBias done
Event: 21705.922 Thread 0x0000000019041000 Thread exited: 0x0000000019041000


Dynamic libraries:
0x000000013fab0000 - 0x000000013fae7000 	C:\Softwares\jdk1.8.0_111\jre\bin\java.exe
0x0000000077a60000 - 0x0000000077bff000 	C:\windows\SYSTEM32\ntdll.dll
0x0000000077940000 - 0x0000000077a5f000 	C:\windows\system32\kernel32.dll
0x000007fefdb00000 - 0x000007fefdb6a000 	C:\windows\system32\KERNELBASE.dll
0x000007fefdf40000 - 0x000007fefe01b000 	C:\windows\system32\ADVAPI32.dll
0x000007fefe220000 - 0x000007fefe2bf000 	C:\windows\system32\msvcrt.dll
0x000007fefe7f0000 - 0x000007fefe80f000 	C:\windows\SYSTEM32\sechost.dll
0x000007fefe0f0000 - 0x000007fefe21d000 	C:\windows\system32\RPCRT4.dll
0x0000000077840000 - 0x000000007793a000 	C:\windows\system32\USER32.dll
0x000007fefe020000 - 0x000007fefe087000 	C:\windows\system32\GDI32.dll
0x000007fefea50000 - 0x000007fefea5e000 	C:\windows\system32\LPK.dll
0x000007feffa20000 - 0x000007feffaeb000 	C:\windows\system32\USP10.dll
0x000007fefbe20000 - 0x000007fefc014000 	C:\windows\WinSxS\amd64_microsoft.windows.common-controls_6595b64144ccf1df_6.0.7601.18837_none_fa3b1e3d17594757\COMCTL32.dll
0x000007fefe3b0000 - 0x000007fefe421000 	C:\windows\system32\SHLWAPI.dll
0x000007fefe810000 - 0x000007fefe83e000 	C:\windows\system32\IMM32.DLL
0x000007fefe430000 - 0x000007fefe539000 	C:\windows\system32\MSCTF.dll
0x000007fefd8f0000 - 0x000007fefd94c000 	c:\progra~1\citrix\system32\mfaphook64.dll
0x000007fefd810000 - 0x000007fefd842000 	C:\Program Files\Citrix\ICAService\picaFullScreenHookX64.dll
0x000007fefd790000 - 0x000007fefd7c6000 	C:\Program Files\Citrix\ICAService\ShellHook64.dll
0x000007fefe540000 - 0x000007fefe73f000 	C:\windows\system32\ole32.dll
0x000007fefebf0000 - 0x000007feff97a000 	C:\windows\system32\SHELL32.dll
0x000007fefd1d0000 - 0x000007fefd348000 	C:\Program Files\Citrix\ICAService\SCardHook64.dll
0x000007fefd1a0000 - 0x000007fefd1ca000 	C:\Program Files\Citrix\ICAService\cxinjime64.dll
0x000007fefd0f0000 - 0x000007fefd13d000 	C:\Program Files\Citrix\ICAService\PicaWtsHook64.dll
0x0000000071fe0000 - 0x00000000720b2000 	C:\Softwares\jdk1.8.0_111\jre\bin\msvcr100.dll
0x000000005fe30000 - 0x00000000606ca000 	C:\Softwares\jdk1.8.0_111\jre\bin\server\jvm.dll
0x000007feedab0000 - 0x000007feedab9000 	C:\windows\system32\WSOCK32.dll
0x000007fefe2c0000 - 0x000007fefe30d000 	C:\windows\system32\WS2_32.dll
0x000007fefe740000 - 0x000007fefe748000 	C:\windows\system32\NSI.dll
0x000007feef8a0000 - 0x000007feef8db000 	C:\windows\system32\WINMM.dll
0x000007fefc320000 - 0x000007fefc32c000 	C:\windows\system32\VERSION.dll
0x0000000077c10000 - 0x0000000077c17000 	C:\windows\system32\PSAPI.DLL
0x0000000072550000 - 0x000000007255f000 	C:\Softwares\jdk1.8.0_111\jre\bin\verify.dll
0x0000000071fb0000 - 0x0000000071fd9000 	C:\Softwares\jdk1.8.0_111\jre\bin\java.dll
0x0000000071f90000 - 0x0000000071fa6000 	C:\Softwares\jdk1.8.0_111\jre\bin\zip.dll
0x000007fefd950000 - 0x000007fefd95f000 	C:\windows\system32\profapi.dll
0x000007fefca10000 - 0x000007fefca28000 	C:\windows\system32\CRYPTSP.dll
0x000007fefc710000 - 0x000007fefc757000 	C:\windows\system32\rsaenh.dll
0x000007fefc500000 - 0x000007fefc51e000 	C:\windows\system32\USERENV.dll
0x000007fefd060000 - 0x000007fefd06f000 	C:\windows\system32\CRYPTBASE.dll
0x0000000071f70000 - 0x0000000071f8a000 	C:\Softwares\jdk1.8.0_111\jre\bin\net.dll
0x000007fefc9b0000 - 0x000007fefca05000 	C:\windows\system32\mswsock.dll
0x000007fefc9a0000 - 0x000007fefc9a7000 	C:\windows\System32\wship6.dll
0x000007fefb3c0000 - 0x000007fefb3e7000 	C:\windows\system32\IPHLPAPI.DLL
0x000007fefb3b0000 - 0x000007fefb3bb000 	C:\windows\system32\WINNSI.DLL
0x000007fefa810000 - 0x000007fefa821000 	C:\windows\system32\dhcpcsvc6.DLL
0x000007fefa830000 - 0x000007fefa848000 	C:\windows\system32\dhcpcsvc.DLL
0x0000000071f50000 - 0x0000000071f61000 	C:\Softwares\jdk1.8.0_111\jre\bin\nio.dll
0x0000000071f40000 - 0x0000000071f4d000 	C:\Softwares\jdk1.8.0_111\jre\bin\management.dll
0x000007fefa8a0000 - 0x000007fefa8b5000 	C:\windows\system32\NLAapi.dll
0x000007fefa880000 - 0x000007fefa895000 	C:\windows\system32\napinsp.dll
0x000007fefa860000 - 0x000007fefa879000 	C:\windows\system32\pnrpnsp.dll
0x000007fefc830000 - 0x000007fefc88b000 	C:\windows\system32\DNSAPI.dll
0x000007fefa850000 - 0x000007fefa85b000 	C:\windows\System32\winrnr.dll
0x000007fefc3f0000 - 0x000007fefc3f7000 	C:\windows\System32\wshtcpip.dll
0x000007fefa7a0000 - 0x000007fefa7a8000 	C:\windows\system32\rasadhlp.dll
0x000007fefa7b0000 - 0x000007fefa803000 	C:\windows\System32\fwpuclnt.dll
0x0000000071dc0000 - 0x0000000071f32000 	C:\git Regression Code Till Release11\WLPProject\lib\jdbc\dblg64\dbjdbc16.dll
0x0000000071d90000 - 0x0000000071db4000 	C:\Softwares\jdk1.8.0_111\jre\bin\sunec.dll
0x000007fefd070000 - 0x000007fefd0c7000 	C:\windows\system32\apphelp.dll
0x00000000624b0000 - 0x0000000062648000 	C:\Softwares\jdk1.8.0_111\jre\bin\awt.dll
0x000007fefe970000 - 0x000007fefea4a000 	C:\windows\system32\OLEAUT32.dll
0x000007fefb240000 - 0x000007fefb258000 	C:\windows\system32\DWMAPI.DLL
0x000007fee7aa0000 - 0x000007fee7b1f000 	C:\Program Files\Common Files\microsoft shared\ink\tiptsf.dll
0x0000000180000000 - 0x0000000180038000 	C:\Users\xlma1\AppData\Local\Temp\jna-114147753\jna8406998937392790102.dll

VM Arguments:
jvm_args: -ea 
java_command: org.testng.TestNG @C:\Users\xlma1\AppData\Local\Temp\testng9037497072219744721
java_class_path (initial): C:\git Regression Code Till Release11\WLPProject;C:\git Regression Code Till Release11\WLPProject\bin;C:\git Regression Code Till Release11\WLPProject\src;C:\git Regression Code Till Release11\WLPProject\lib\extentreports\extentreports-2.41.2.jar;C:\git Regression Code Till Release11\WLPProject\lib\extentreports\lib\ant-1.7.0.jar;C:\git Regression Code Till Release11\WLPProject\lib\extentreports\lib\ant-launcher-1.7.0.jar;C:\git Regression Code Till Release11\WLPProject\lib\extentreports\lib\bsh-2.0b4.jar;C:\git Regression Code Till Release11\WLPProject\lib\extentreports\lib\bson-3.0.4.jar;C:\git Regression Code Till Release11\WLPProject\lib\extentreports\lib\freemarker-2.3.23.jar;C:\git Regression Code Till Release11\WLPProject\lib\extentreports\lib\hamcrest-core-1.1.jar;C:\git Regression Code Till Release11\WLPProject\lib\extentreports\lib\jcommander-1.48.jar;C:\git Regression Code Till Release11\WLPProject\lib\extentreports\lib\jsoup-1.8.3.jar;C:\git Regression Code Till Release11\WLPProject\lib\extentreports\lib\junit-4.10.jar;C:\git Regression Code Till Release11\WLPProject\lib\extentreports\lib\mongodb-driver-3.0.4.jar;C:\git Regression Code Till Release11\WLPProject\lib\extentreports\lib\mongodb-driver-core-3.0.4.jar;C:\git Regression Code Till Release11\WLPProject\lib\extentreports\lib\snakeyaml-1.15.jar;C:\git Regression Code Till Release11\WLPProject\lib\extentreports\lib\sqlite-jdbc-3.8.11.1.jar;C:\git Regression Code Till Release11\WLPProject\lib\extentreports\lib\testng-6.9.9.jar;C:\git Regression Code Till Release11\WLPProject\lib\jdbc\jconn3.jar;C:\git Regression Code Till Release11\WLPProject\lib\jdbc\ojdbc6.jar;C:\git Regression Code Till Release11\WLPProject\lib\jdbc\sajdbc4.jar;C:\git Regression Code Till Release11\WLPProject\lib\jdom\jdom-2.0.6-contrib.jar;C:\git Regression Code Till Release11\WLPProject\lib\jdom\jdom-2.0.6-javadoc.jar;C:\git Regression Code Till Release11\WLPProject\lib\jdom\jdom-2.0.6-junit.jar;C:\g
Launcher Type: SUN_STANDARD

Environment Variables:
JAVA_HOME=C:\Softwares\jdk1.8.0_111
PATH=C:\Program Files\Java\jdk1.8.0_111/bin;C:\ProgramData\Oracle\Java\javapath;C:\Program Files (x86)\CA\SC\CAWIN\;C:\windows\system32;C:\windows;C:\windows\System32\Wbem;C:\windows\System32\WindowsPowerShell\v1.0\;C:\Oracle\BIToolsHome_1\jre\1.4.2\bin\;C:\Oracle\BIToolsHome_1\jre\1.4.2\bin\client\;C:\Oracle\BIToolsHome_1\jlib\;C:\Oracle\BIToolsHome_1\bin\;C:\Program Files\Citrix\System32\;C:\Program Files\Citrix\ICAService\;C:\PROGRA~2\CA\SC\CAM\bin;C:\Program Files (x86)\CA\SC\Csam\SockAdapter\bin;C:\Program Files (x86)\CA\SC\CBB\;C:\Program Files (x86)\CA\DSM\bin;C:\Program Files (x86)\CA\SC\DTS\bin\;C:\Program Files\Citrix\Virtual Desktop Agent\;C:\Program Files (x86)\CA\SC\Csam\SockAdapter\bin;C:\Program Files (x86)\CA\SC\Csam\SockAdapter\bin64;C:\windows\System32\WindowsPowerShell\v1.0\;C:\windows\System32\WindowsPowerShell\v1.0\;%ANT_HOME%\bin;%JAVA_HOME%\bin;%ANT_HOME%\bin;%JAVA_HOME%\bin
USERNAME=xlma1
OS=Windows_NT
PROCESSOR_IDENTIFIER=Intel64 Family 6 Model 45 Stepping 2, GenuineIntel



---------------  S Y S T E M  ---------------

OS: Windows 7 , 64 bit Build 7601 (6.1.7601.24335)

CPU:total 2 (1 cores per cpu, 1 threads per core) family 6 model 45 stepping 2, cmov, cx8, fxsr, mmx, sse, sse2, sse3, ssse3, sse4.1, sse4.2, popcnt, avx, aes, clmul, tsc, tscinvbit, tscinv

Memory: 4k page, physical 6291000k(833684k free), swap 12579528k(6988k free)

vm_info: Java HotSpot(TM) 64-Bit Server VM (25.111-b14) for windows-amd64 JRE (1.8.0_111-b14), built on Sep 22 2016 19:24:05 by "java_re" with MS VC++ 10.0 (VS2010)

time: Sat Mar 23 03:06:53 2019
elapsed time: 21705 seconds (0d 6h 1m 45s)

