JvmtiExport can_access_local_variables 0
JvmtiExport can_hotswap_or_post_breakpoint 0
JvmtiExport can_post_on_exceptions 0
# 633 ciObject found
ciMethod java/lang/Object <init> ()V 4097 1 3358356 0 0
ciMethod java/lang/Object getClass ()Ljava/lang/Class; 3073 1 384 0 -1
ciMethod java/lang/Object equals (Ljava/lang/Object;)Z 329 1 22581 0 64
ciMethod java/lang/Object clone ()Ljava/lang/Object; 6145 1 768 0 -1
ciMethod java/lang/Class getSuperclass ()Ljava/lang/Class; 2049 1 256 0 -1
ciMethod java/lang/System arraycopy (Ljava/lang/Object;ILjava/lang/Object;II)V 5121 1 640 0 -1
ciMethod java/lang/ClassCastException <init> (Ljava/lang/String;)V 0 0 1 0 -1
ciMethod java/util/Map size ()I 0 0 1 0 -1
ciMethod java/util/Map get (Ljava/lang/Object;)Ljava/lang/Object; 0 0 1 0 -1
ciMethod java/util/Map remove (Ljava/lang/Object;)Ljava/lang/Object; 0 0 1 0 -1
ciMethod java/util/Map clear ()V 0 0 1 0 -1
ciMethod java/lang/StringBuilder <init> ()V 609 1 66455 0 -1
ciMethod java/lang/StringBuilder append (Ljava/lang/Object;)Ljava/lang/StringBuilder; 2049 1 8030 0 -1
ciMethod java/lang/StringBuilder append (Ljava/lang/String;)Ljava/lang/StringBuilder; 953 1 211465 0 -1
ciMethod java/lang/StringBuilder toString ()Ljava/lang/String; 609 1 80548 0 -1
ciMethod java/lang/Long numberOfTrailingZeros (J)I 2049 1 17251 0 -1
ciMethod java/lang/Iterable iterator ()Ljava/util/Iterator; 0 0 1 0 -1
ciMethod java/util/AbstractList <init> ()V 4097 1 34204 0 0
ciMethod java/util/AbstractCollection <init> ()V 617 1 721990 0 32
ciMethod java/util/AbstractCollection iterator ()Ljava/util/Iterator; 0 0 1 0 -1
ciMethod java/util/AbstractCollection contains (Ljava/lang/Object;)Z 0 0 1 0 -1
ciMethod java/util/ArrayList <init> ()V 4097 1 31130 0 0
ciMethod java/util/ArrayList isEmpty ()Z 4097 1 30886 0 64
ciMethod java/util/ArrayList contains (Ljava/lang/Object;)Z 2153 1 2995 0 0
ciMethod java/util/ArrayList indexOf (Ljava/lang/Object;)I 16385 113 7233 0 0
ciMethod java/util/ArrayList elementData (I)Ljava/lang/Object; 2569 1 19163 0 96
ciMethod java/util/ArrayList get (I)Ljava/lang/Object; 2105 1 9109 0 128
ciMethod java/util/ArrayList add (Ljava/lang/Object;)Z 1985 1 19260 0 -1
ciMethod java/util/ArrayList remove (Ljava/lang/Object;)Z 32793 33 7223 0 0
ciMethod java/util/ArrayList fastRemove (I)V 32785 1 7220 0 0
ciMethod java/util/ArrayList rangeCheck (I)V 2113 1 19029 0 64
ciMethod java/util/ArrayList iterator ()Ljava/util/Iterator; 4097 1 17974 0 192
ciMethod java/util/ArrayList access$100 (Ljava/util/ArrayList;)I 1705 1 213 0 0
ciMethod java/util/Set contains (Ljava/lang/Object;)Z 0 0 1 0 -1
ciMethod java/util/Set iterator ()Ljava/util/Iterator; 0 0 1 0 -1
ciMethod java/util/Set add (Ljava/lang/Object;)Z 0 0 1 0 -1
ciMethod java/util/Set remove (Ljava/lang/Object;)Z 0 0 1 0 -1
ciMethod java/util/AbstractMap <init> ()V 673 1 69836 0 0
ciMethod java/util/HashMap <init> ()V 225 1 33938 0 0
ciMethod java/util/HashMap <init> (Ljava/util/Map;)V 2073 1 8658 0 -1
ciMethod java/util/HashMap clear ()V 2057 641 4039 0 224
ciMethod java/util/HashMap entrySet ()Ljava/util/Set; 16385 1 15521 0 -1
ciMethod java/util/Map$Entry getKey ()Ljava/lang/Object; 0 0 1 0 -1
ciMethod java/util/Map$Entry getValue ()Ljava/lang/Object; 0 0 1 0 -1
ciMethod java/util/Iterator hasNext ()Z 0 0 1 0 -1
ciMethod java/util/Iterator next ()Ljava/lang/Object; 0 0 1 0 -1
ciMethod java/lang/Enum ordinal ()I 1465 1 183 0 0
ciMethodData java/lang/Object <init> ()V 2 3358357 orig 264 72 34 149 92 0 0 0 0 128 4 41 21 0 0 0 0 32 1 0 0 0 0 0 0 0 0 0 0 0 0 0 0 0 0 0 0 0 0 0 0 0 0 0 0 0 0 0 0 0 0 0 0 0 0 0 0 0 0 0 0 0 0 0 0 0 0 0 0 0 0 0 0 0 0 0 0 0 0 0 0 77 68 79 32 101 120 116 114 97 32 100 97 116 97 32 108 111 99 107 0 0 0 0 0 0 0 0 0 0 0 0 0 0 0 0 0 0 0 0 0 0 0 0 0 0 0 0 0 0 0 0 0 0 0 0 0 0 0 0 0 0 0 0 0 0 0 0 0 0 0 0 0 0 0 0 0 0 0 0 0 0 0 0 0 0 0 0 0 0 0 0 0 0 0 0 0 0 0 0 0 0 0 0 0 1 0 0 0 0 0 0 0 1 0 0 0 0 0 0 0 1 0 0 0 0 0 0 0 0 0 0 0 0 0 0 0 0 2 0 0 169 228 153 1 1 0 0 0 0 0 0 0 0 0 0 0 2 0 0 0 0 0 3 0 1 0 0 0 0 0 0 0 255 255 255 255 0 0 0 0 0 0 0 0 data 0 oops 0
ciMethod java/util/HashSet <init> ()V 41 1 7432 0 -1
ciMethod java/util/RegularEnumSet iterator ()Ljava/util/Iterator; 49153 1 11267 0 160
ciMethod java/util/RegularEnumSet contains (Ljava/lang/Object;)Z 2049 1 7092 0 192
ciMethod java/util/RegularEnumSet access$000 (Ljava/util/RegularEnumSet;)J 2057 1 5380 0 0
ciMethod java/util/ArrayList$Itr <init> (Ljava/util/ArrayList;)V 4097 1 18046 0 96
ciMethod java/util/ArrayList$Itr hasNext ()Z 2209 1 15722 0 96
ciMethod java/util/ArrayList$Itr next ()Ljava/lang/Object; 3505 1 5558 0 224
ciMethod java/util/ArrayList$Itr checkForComodification ()V 2393 1 5712 0 -1
ciMethod java/util/ArrayList$Itr <init> (Ljava/util/ArrayList;Ljava/util/ArrayList$1;)V 4097 1 18046 0 96
ciMethodData java/util/ArrayList get (I)Ljava/lang/Object; 2 9109 orig 264 72 34 149 92 0 0 0 0 200 217 53 21 0 0 0 0 144 1 0 0 0 0 0 0 0 0 0 0 0 0 0 0 0 0 0 0 0 0 0 0 0 0 0 0 0 0 0 0 0 0 0 0 0 0 0 0 0 0 0 0 0 0 0 0 0 0 0 0 0 0 0 0 0 0 0 0 0 0 0 0 77 68 79 32 101 120 116 114 97 32 100 97 116 97 32 108 111 99 107 0 0 0 0 0 0 0 0 0 0 0 0 0 0 0 0 0 0 0 0 0 0 0 0 0 0 0 0 0 0 0 0 0 0 0 0 0 0 0 0 0 0 0 0 0 0 0 0 0 0 0 0 0 0 0 0 0 0 0 0 0 0 0 0 0 0 0 0 0 0 0 0 0 0 0 0 0 0 0 0 0 0 0 0 0 0 0 0 0 0 0 0 0 0 0 0 0 0 0 0 0 0 0 0 0 0 0 0 0 0 0 0 0 0 0 0 0 7 1 0 0 113 20 1 0 1 0 0 0 0 0 0 0 0 0 0 0 2 0 0 0 0 0 6 0 2 0 0 0 64 0 0 0 255 255 255 255 2 0 2 0 0 0 0 0 data 8 0x20002 0x228e 0x70005 0x0 0x181caba0 0x228e 0x0 0x0 oops 1